 
****************************************
Report : qor
Design : alu_csa
Version: T-2022.03-SP5-4
Date   : Wed Jun 10 18:10:18 2026
****************************************


  Timing Path Group 'ideal_clock1'
  -----------------------------------
  Levels of Logic:              21.00
  Critical Path Length:          1.93
  Critical Path Slack:           2.01
  Critical Path Clk Period:      5.00
  Total Negative Slack:          0.00
  No. of Violating Paths:        0.00
  Worst Hold Violation:          0.00
  Total Hold Violation:          0.00
  No. of Hold Violations:        0.00
  -----------------------------------


  Cell Count
  -----------------------------------
  Hierarchical Cell Count:         36
  Hierarchical Port Count:        288
  Leaf Cell Count:                240
  Buf/Inv Cell Count:              42
  Buf Cell Count:                   4
  Inv Cell Count:                  38
  CT Buf/Inv Cell Count:            0
  Combinational Cell Count:       221
  Sequential Cell Count:           19
  Macro Count:                      0
  -----------------------------------


  Area
  -----------------------------------
  Combinational Area:      664.586556
  Noncombinational Area:   135.204610
  Buf/Inv Area:             56.674113
  Total Buffer Area:             8.13
  Total Inverter Area:          48.54
  Macro/Black Box Area:      0.000000
  Net Area:                143.935718
  -----------------------------------
  Cell Area:               799.791167
  Design Area:             943.726885


  Design Rules
  -----------------------------------
  Total Number of Nets:           279
  Nets With Violations:             0
  Max Trans Violations:             0
  Max Cap Violations:               0
  -----------------------------------


  Hostname: vlsid42.vishnu.edu.in

  Compile CPU Statistics
  -----------------------------------------
  Resource Sharing:                    0.02
  Logic Optimization:                  0.07
  Mapping Optimization:                0.10
  -----------------------------------------
  Overall Compile Time:                0.82
  Overall Compile Wall Clock Time:     1.19

  --------------------------------------------------------------------

  Design  WNS: 0.00  TNS: 0.00  Number of Violating Paths: 0


  Design (Hold)  WNS: 0.00  TNS: 0.00  Number of Violating Paths: 0

  --------------------------------------------------------------------


1
