 
****************************************
check_design summary:
Version:     T-2022.03-SP5-4
Date:        Wed Jun 10 18:10:16 2026
****************************************

                   Name                                            Total
--------------------------------------------------------------------------------
Cells                                                               6
    Connected to power or ground (LINT-32)                          6
--------------------------------------------------------------------------------

Warning: In design 'adder_csa16', a pin on submodule 'rca1_0' is connected to logic 1 or logic 0. (LINT-32)
   Pin 'cin' is connected to logic 0. 
Warning: In design 'adder_csa16', a pin on submodule 'rca1_1' is connected to logic 1 or logic 0. (LINT-32)
   Pin 'cin' is connected to logic 1. 
Warning: In design 'adder_csa16', a pin on submodule 'rca2_0' is connected to logic 1 or logic 0. (LINT-32)
   Pin 'cin' is connected to logic 0. 
Warning: In design 'adder_csa16', a pin on submodule 'rca2_1' is connected to logic 1 or logic 0. (LINT-32)
   Pin 'cin' is connected to logic 1. 
Warning: In design 'adder_csa16', a pin on submodule 'rca3_0' is connected to logic 1 or logic 0. (LINT-32)
   Pin 'cin' is connected to logic 0. 
Warning: In design 'adder_csa16', a pin on submodule 'rca3_1' is connected to logic 1 or logic 0. (LINT-32)
   Pin 'cin' is connected to logic 1. 
1
