 
****************************************
Report : qor
Design : alu_rca
Version: T-2022.03-SP5-4
Date   : Wed Jun 10 17:53:49 2026
****************************************


  Timing Path Group 'ideal_clock1'
  -----------------------------------
  Levels of Logic:              38.00
  Critical Path Length:          3.93
  Critical Path Slack:           0.01
  Critical Path Clk Period:      5.00
  Total Negative Slack:          0.00
  No. of Violating Paths:        0.00
  Worst Hold Violation:          0.00
  Total Hold Violation:          0.00
  No. of Hold Violations:        0.00
  -----------------------------------


  Cell Count
  -----------------------------------
  Hierarchical Cell Count:         21
  Hierarchical Port Count:        186
  Leaf Cell Count:                187
  Buf/Inv Cell Count:              38
  Buf Cell Count:                   4
  Inv Cell Count:                  34
  CT Buf/Inv Cell Count:            0
  Combinational Cell Count:       168
  Sequential Cell Count:           19
  Macro Count:                      0
  -----------------------------------


  Area
  -----------------------------------
  Combinational Area:      492.531070
  Noncombinational Area:   135.204610
  Buf/Inv Area:             51.337089
  Total Buffer Area:             8.13
  Total Inverter Area:          43.20
  Macro/Black Box Area:      0.000000
  Net Area:                116.511459
  -----------------------------------
  Cell Area:               627.735681
  Design Area:             744.247140


  Design Rules
  -----------------------------------
  Total Number of Nets:           224
  Nets With Violations:             0
  Max Trans Violations:             0
  Max Cap Violations:               0
  -----------------------------------


  Hostname: vlsid42.vishnu.edu.in

  Compile CPU Statistics
  -----------------------------------------
  Resource Sharing:                    0.01
  Logic Optimization:                  0.07
  Mapping Optimization:                0.14
  -----------------------------------------
  Overall Compile Time:                0.84
  Overall Compile Wall Clock Time:     1.20

  --------------------------------------------------------------------

  Design  WNS: 0.00  TNS: 0.00  Number of Violating Paths: 0


  Design (Hold)  WNS: 0.00  TNS: 0.00  Number of Violating Paths: 0

  --------------------------------------------------------------------


1
