 
****************************************
Report : area
Design : alu_rca
Version: T-2022.03-SP5-4
Date   : Wed Jun 10 17:32:11 2026
****************************************

Information: Updating design information... (UID-85)
Library(s) Used:

    saed32rvt_ss0p95v125c (File: /home/ece/ASICFULL/ASIC-Flow_labs_v1p4/library_32nm/SAED32_EDK/lib/stdcell_rvt/db_nldm/saed32rvt_ss0p95v125c.db)

Number of ports:                          242
Number of nets:                           409
Number of cells:                          207
Number of combinational cells:            167
Number of sequential cells:                19
Number of macros/black boxes:               0
Number of buf/inv:                         39
Number of references:                      18

Combinational area:                488.464766
Buf/Inv area:                       52.861953
Noncombinational area:             135.204610
Macro/Black Box area:                0.000000
Net Interconnect area:             115.828222

Total cell area:                   623.669376
Total area:                        739.497598
1
