 
****************************************
Report : timing
        -path full
        -delay max
        -max_paths 10
Design : alu_rca
Version: T-2022.03-SP5-4
Date   : Wed Jun 10 17:32:11 2026
****************************************

Operating Conditions: ss0p95v125c   Library: saed32rvt_ss0p95v125c
Wire Load Model Mode: enclosed

  Startpoint: opcode[2] (input port clocked by ideal_clock1)
  Endpoint: zero_flag_reg
            (rising edge-triggered flip-flop clocked by ideal_clock1)
  Path Group: ideal_clock1
  Path Type: max

  Des/Clust/Port     Wire Load Model       Library
  ------------------------------------------------
  alu_rca            8000                  saed32rvt_ss0p95v125c
  full_adder_15      ForQA                 saed32rvt_ss0p95v125c
  adder_rca4_3       ForQA                 saed32rvt_ss0p95v125c
  full_adder_14      ForQA                 saed32rvt_ss0p95v125c
  full_adder_13      ForQA                 saed32rvt_ss0p95v125c
  full_adder_12      ForQA                 saed32rvt_ss0p95v125c
  adder_rca16        ForQA                 saed32rvt_ss0p95v125c
  full_adder_11      ForQA                 saed32rvt_ss0p95v125c
  adder_rca4_2       ForQA                 saed32rvt_ss0p95v125c
  full_adder_10      ForQA                 saed32rvt_ss0p95v125c
  full_adder_9       ForQA                 saed32rvt_ss0p95v125c
  full_adder_8       ForQA                 saed32rvt_ss0p95v125c
  full_adder_7       ForQA                 saed32rvt_ss0p95v125c
  adder_rca4_1       ForQA                 saed32rvt_ss0p95v125c
  full_adder_6       ForQA                 saed32rvt_ss0p95v125c
  full_adder_5       ForQA                 saed32rvt_ss0p95v125c
  full_adder_4       ForQA                 saed32rvt_ss0p95v125c
  full_adder_3       ForQA                 saed32rvt_ss0p95v125c
  adder_rca4_0       ForQA                 saed32rvt_ss0p95v125c
  full_adder_2       ForQA                 saed32rvt_ss0p95v125c
  full_adder_1       ForQA                 saed32rvt_ss0p95v125c
  full_adder_0       ForQA                 saed32rvt_ss0p95v125c

  Point                                         Incr       Path
  ----------------------------------------------------------------
  clock ideal_clock1 (rise edge)                0.00       0.00
  clock network delay (ideal)                   0.00       0.00
  input external delay                          1.00       1.00 f
  opcode[2] (in)                                0.00       1.00 f
  U143/Y (INVX1_RVT)                            0.02       1.02 r
  U111/Y (NAND3X0_RVT)                          0.11       1.13 f
  U119/Y (INVX2_RVT)                            0.12       1.24 r
  U118/Y (XNOR2X1_RVT)                          0.15       1.39 r
  adder_inst/b[0] (adder_rca16)                 0.00       1.39 r
  adder_inst/rca0/b[0] (adder_rca4_3)           0.00       1.39 r
  adder_inst/rca0/fa0/b (full_adder_15)         0.00       1.39 r
  adder_inst/rca0/fa0/U1/Y (XOR2X1_RVT)         0.13       1.52 f
  adder_inst/rca0/fa0/U3/Y (AO22X1_RVT)         0.07       1.60 f
  adder_inst/rca0/fa0/cout (full_adder_15)      0.00       1.60 f
  adder_inst/rca0/fa1/cin (full_adder_14)       0.00       1.60 f
  adder_inst/rca0/fa1/U1/Y (XOR2X1_RVT)         0.13       1.73 r
  adder_inst/rca0/fa1/U3/Y (AO22X1_RVT)         0.08       1.81 r
  adder_inst/rca0/fa1/cout (full_adder_14)      0.00       1.81 r
  adder_inst/rca0/fa2/cin (full_adder_13)       0.00       1.81 r
  adder_inst/rca0/fa2/U1/Y (XOR2X1_RVT)         0.14       1.95 f
  adder_inst/rca0/fa2/U3/Y (AO22X1_RVT)         0.07       2.02 f
  adder_inst/rca0/fa2/cout (full_adder_13)      0.00       2.02 f
  adder_inst/rca0/fa3/cin (full_adder_12)       0.00       2.02 f
  adder_inst/rca0/fa3/U1/Y (XOR2X1_RVT)         0.13       2.16 r
  adder_inst/rca0/fa3/U3/Y (AO22X1_RVT)         0.08       2.24 r
  adder_inst/rca0/fa3/cout (full_adder_12)      0.00       2.24 r
  adder_inst/rca0/cout (adder_rca4_3)           0.00       2.24 r
  adder_inst/rca1/cin (adder_rca4_2)            0.00       2.24 r
  adder_inst/rca1/fa0/cin (full_adder_11)       0.00       2.24 r
  adder_inst/rca1/fa0/U1/Y (XOR2X1_RVT)         0.14       2.38 f
  adder_inst/rca1/fa0/U3/Y (AO22X1_RVT)         0.07       2.45 f
  adder_inst/rca1/fa0/cout (full_adder_11)      0.00       2.45 f
  adder_inst/rca1/fa1/cin (full_adder_10)       0.00       2.45 f
  adder_inst/rca1/fa1/U1/Y (XOR2X1_RVT)         0.13       2.58 r
  adder_inst/rca1/fa1/U3/Y (AO22X1_RVT)         0.08       2.67 r
  adder_inst/rca1/fa1/cout (full_adder_10)      0.00       2.67 r
  adder_inst/rca1/fa2/cin (full_adder_9)        0.00       2.67 r
  adder_inst/rca1/fa2/U1/Y (XOR2X1_RVT)         0.14       2.80 f
  adder_inst/rca1/fa2/U3/Y (AO22X1_RVT)         0.07       2.88 f
  adder_inst/rca1/fa2/cout (full_adder_9)       0.00       2.88 f
  adder_inst/rca1/fa3/cin (full_adder_8)        0.00       2.88 f
  adder_inst/rca1/fa3/U1/Y (XOR2X1_RVT)         0.13       3.01 r
  adder_inst/rca1/fa3/U3/Y (AO22X1_RVT)         0.08       3.09 r
  adder_inst/rca1/fa3/cout (full_adder_8)       0.00       3.09 r
  adder_inst/rca1/cout (adder_rca4_2)           0.00       3.09 r
  adder_inst/rca2/cin (adder_rca4_1)            0.00       3.09 r
  adder_inst/rca2/fa0/cin (full_adder_7)        0.00       3.09 r
  adder_inst/rca2/fa0/U1/Y (XOR2X1_RVT)         0.14       3.23 f
  adder_inst/rca2/fa0/U3/Y (AO22X1_RVT)         0.07       3.30 f
  adder_inst/rca2/fa0/cout (full_adder_7)       0.00       3.30 f
  adder_inst/rca2/fa1/cin (full_adder_6)        0.00       3.30 f
  adder_inst/rca2/fa1/U1/Y (XOR2X1_RVT)         0.13       3.44 r
  adder_inst/rca2/fa1/U3/Y (AO22X1_RVT)         0.08       3.52 r
  adder_inst/rca2/fa1/cout (full_adder_6)       0.00       3.52 r
  adder_inst/rca2/fa2/cin (full_adder_5)        0.00       3.52 r
  adder_inst/rca2/fa2/U1/Y (XOR2X1_RVT)         0.14       3.66 f
  adder_inst/rca2/fa2/U3/Y (AO22X1_RVT)         0.07       3.73 f
  adder_inst/rca2/fa2/cout (full_adder_5)       0.00       3.73 f
  adder_inst/rca2/fa3/cin (full_adder_4)        0.00       3.73 f
  adder_inst/rca2/fa3/U1/Y (XOR2X1_RVT)         0.13       3.86 r
  adder_inst/rca2/fa3/U3/Y (AO22X1_RVT)         0.08       3.95 r
  adder_inst/rca2/fa3/cout (full_adder_4)       0.00       3.95 r
  adder_inst/rca2/cout (adder_rca4_1)           0.00       3.95 r
  adder_inst/rca3/cin (adder_rca4_0)            0.00       3.95 r
  adder_inst/rca3/fa0/cin (full_adder_3)        0.00       3.95 r
  adder_inst/rca3/fa0/U1/Y (XOR2X1_RVT)         0.14       4.08 f
  adder_inst/rca3/fa0/U3/Y (AO22X1_RVT)         0.07       4.16 f
  adder_inst/rca3/fa0/cout (full_adder_3)       0.00       4.16 f
  adder_inst/rca3/fa1/cin (full_adder_2)        0.00       4.16 f
  adder_inst/rca3/fa1/U1/Y (XOR2X1_RVT)         0.13       4.29 r
  adder_inst/rca3/fa1/U3/Y (AO22X1_RVT)         0.08       4.37 r
  adder_inst/rca3/fa1/cout (full_adder_2)       0.00       4.37 r
  adder_inst/rca3/fa2/cin (full_adder_1)        0.00       4.37 r
  adder_inst/rca3/fa2/U1/Y (XOR2X1_RVT)         0.14       4.51 f
  adder_inst/rca3/fa2/U3/Y (AO22X1_RVT)         0.07       4.58 f
  adder_inst/rca3/fa2/cout (full_adder_1)       0.00       4.58 f
  adder_inst/rca3/fa3/cin (full_adder_0)        0.00       4.58 f
  adder_inst/rca3/fa3/U1/Y (XOR2X1_RVT)         0.13       4.72 r
  adder_inst/rca3/fa3/U2/Y (XOR2X1_RVT)         0.13       4.85 f
  adder_inst/rca3/fa3/sum (full_adder_0)        0.00       4.85 f
  adder_inst/rca3/sum[3] (adder_rca4_0)         0.00       4.85 f
  adder_inst/sum[15] (adder_rca16)              0.00       4.85 f
  U91/Y (AO221X1_RVT)                           0.09       4.94 f
  U123/Y (OR4X1_RVT)                            0.13       5.07 f
  U4/Y (NOR4X1_RVT)                             0.10       5.17 r
  zero_flag_reg/D (DFFARX1_RVT)                 0.00       5.17 r
  data arrival time                                        5.17

  clock ideal_clock1 (rise edge)                8.00       8.00
  clock network delay (ideal)                   0.00       8.00
  zero_flag_reg/CLK (DFFARX1_RVT)               0.00       8.00 r
  library setup time                           -0.05       7.95
  data required time                                       7.95
  ----------------------------------------------------------------
  data required time                                       7.95
  data arrival time                                       -5.17
  ----------------------------------------------------------------
  slack (MET)                                              2.77


  Startpoint: opcode[2] (input port clocked by ideal_clock1)
  Endpoint: overflow_flag_reg
            (rising edge-triggered flip-flop clocked by ideal_clock1)
  Path Group: ideal_clock1
  Path Type: max

  Des/Clust/Port     Wire Load Model       Library
  ------------------------------------------------
  alu_rca            8000                  saed32rvt_ss0p95v125c
  full_adder_15      ForQA                 saed32rvt_ss0p95v125c
  adder_rca4_3       ForQA                 saed32rvt_ss0p95v125c
  full_adder_14      ForQA                 saed32rvt_ss0p95v125c
  full_adder_13      ForQA                 saed32rvt_ss0p95v125c
  full_adder_12      ForQA                 saed32rvt_ss0p95v125c
  adder_rca16        ForQA                 saed32rvt_ss0p95v125c
  full_adder_11      ForQA                 saed32rvt_ss0p95v125c
  adder_rca4_2       ForQA                 saed32rvt_ss0p95v125c
  full_adder_10      ForQA                 saed32rvt_ss0p95v125c
  full_adder_9       ForQA                 saed32rvt_ss0p95v125c
  full_adder_8       ForQA                 saed32rvt_ss0p95v125c
  full_adder_7       ForQA                 saed32rvt_ss0p95v125c
  adder_rca4_1       ForQA                 saed32rvt_ss0p95v125c
  full_adder_6       ForQA                 saed32rvt_ss0p95v125c
  full_adder_5       ForQA                 saed32rvt_ss0p95v125c
  full_adder_4       ForQA                 saed32rvt_ss0p95v125c
  full_adder_3       ForQA                 saed32rvt_ss0p95v125c
  adder_rca4_0       ForQA                 saed32rvt_ss0p95v125c
  full_adder_2       ForQA                 saed32rvt_ss0p95v125c
  full_adder_1       ForQA                 saed32rvt_ss0p95v125c
  full_adder_0       ForQA                 saed32rvt_ss0p95v125c

  Point                                         Incr       Path
  ----------------------------------------------------------------
  clock ideal_clock1 (rise edge)                0.00       0.00
  clock network delay (ideal)                   0.00       0.00
  input external delay                          1.00       1.00 f
  opcode[2] (in)                                0.00       1.00 f
  U143/Y (INVX1_RVT)                            0.02       1.02 r
  U111/Y (NAND3X0_RVT)                          0.11       1.13 f
  U119/Y (INVX2_RVT)                            0.12       1.24 r
  U118/Y (XNOR2X1_RVT)                          0.15       1.39 r
  adder_inst/b[0] (adder_rca16)                 0.00       1.39 r
  adder_inst/rca0/b[0] (adder_rca4_3)           0.00       1.39 r
  adder_inst/rca0/fa0/b (full_adder_15)         0.00       1.39 r
  adder_inst/rca0/fa0/U1/Y (XOR2X1_RVT)         0.13       1.52 f
  adder_inst/rca0/fa0/U3/Y (AO22X1_RVT)         0.07       1.60 f
  adder_inst/rca0/fa0/cout (full_adder_15)      0.00       1.60 f
  adder_inst/rca0/fa1/cin (full_adder_14)       0.00       1.60 f
  adder_inst/rca0/fa1/U1/Y (XOR2X1_RVT)         0.13       1.73 r
  adder_inst/rca0/fa1/U3/Y (AO22X1_RVT)         0.08       1.81 r
  adder_inst/rca0/fa1/cout (full_adder_14)      0.00       1.81 r
  adder_inst/rca0/fa2/cin (full_adder_13)       0.00       1.81 r
  adder_inst/rca0/fa2/U1/Y (XOR2X1_RVT)         0.14       1.95 f
  adder_inst/rca0/fa2/U3/Y (AO22X1_RVT)         0.07       2.02 f
  adder_inst/rca0/fa2/cout (full_adder_13)      0.00       2.02 f
  adder_inst/rca0/fa3/cin (full_adder_12)       0.00       2.02 f
  adder_inst/rca0/fa3/U1/Y (XOR2X1_RVT)         0.13       2.16 r
  adder_inst/rca0/fa3/U3/Y (AO22X1_RVT)         0.08       2.24 r
  adder_inst/rca0/fa3/cout (full_adder_12)      0.00       2.24 r
  adder_inst/rca0/cout (adder_rca4_3)           0.00       2.24 r
  adder_inst/rca1/cin (adder_rca4_2)            0.00       2.24 r
  adder_inst/rca1/fa0/cin (full_adder_11)       0.00       2.24 r
  adder_inst/rca1/fa0/U1/Y (XOR2X1_RVT)         0.14       2.38 f
  adder_inst/rca1/fa0/U3/Y (AO22X1_RVT)         0.07       2.45 f
  adder_inst/rca1/fa0/cout (full_adder_11)      0.00       2.45 f
  adder_inst/rca1/fa1/cin (full_adder_10)       0.00       2.45 f
  adder_inst/rca1/fa1/U1/Y (XOR2X1_RVT)         0.13       2.58 r
  adder_inst/rca1/fa1/U3/Y (AO22X1_RVT)         0.08       2.67 r
  adder_inst/rca1/fa1/cout (full_adder_10)      0.00       2.67 r
  adder_inst/rca1/fa2/cin (full_adder_9)        0.00       2.67 r
  adder_inst/rca1/fa2/U1/Y (XOR2X1_RVT)         0.14       2.80 f
  adder_inst/rca1/fa2/U3/Y (AO22X1_RVT)         0.07       2.88 f
  adder_inst/rca1/fa2/cout (full_adder_9)       0.00       2.88 f
  adder_inst/rca1/fa3/cin (full_adder_8)        0.00       2.88 f
  adder_inst/rca1/fa3/U1/Y (XOR2X1_RVT)         0.13       3.01 r
  adder_inst/rca1/fa3/U3/Y (AO22X1_RVT)         0.08       3.09 r
  adder_inst/rca1/fa3/cout (full_adder_8)       0.00       3.09 r
  adder_inst/rca1/cout (adder_rca4_2)           0.00       3.09 r
  adder_inst/rca2/cin (adder_rca4_1)            0.00       3.09 r
  adder_inst/rca2/fa0/cin (full_adder_7)        0.00       3.09 r
  adder_inst/rca2/fa0/U1/Y (XOR2X1_RVT)         0.14       3.23 f
  adder_inst/rca2/fa0/U3/Y (AO22X1_RVT)         0.07       3.30 f
  adder_inst/rca2/fa0/cout (full_adder_7)       0.00       3.30 f
  adder_inst/rca2/fa1/cin (full_adder_6)        0.00       3.30 f
  adder_inst/rca2/fa1/U1/Y (XOR2X1_RVT)         0.13       3.44 r
  adder_inst/rca2/fa1/U3/Y (AO22X1_RVT)         0.08       3.52 r
  adder_inst/rca2/fa1/cout (full_adder_6)       0.00       3.52 r
  adder_inst/rca2/fa2/cin (full_adder_5)        0.00       3.52 r
  adder_inst/rca2/fa2/U1/Y (XOR2X1_RVT)         0.14       3.66 f
  adder_inst/rca2/fa2/U3/Y (AO22X1_RVT)         0.07       3.73 f
  adder_inst/rca2/fa2/cout (full_adder_5)       0.00       3.73 f
  adder_inst/rca2/fa3/cin (full_adder_4)        0.00       3.73 f
  adder_inst/rca2/fa3/U1/Y (XOR2X1_RVT)         0.13       3.86 r
  adder_inst/rca2/fa3/U3/Y (AO22X1_RVT)         0.08       3.95 r
  adder_inst/rca2/fa3/cout (full_adder_4)       0.00       3.95 r
  adder_inst/rca2/cout (adder_rca4_1)           0.00       3.95 r
  adder_inst/rca3/cin (adder_rca4_0)            0.00       3.95 r
  adder_inst/rca3/fa0/cin (full_adder_3)        0.00       3.95 r
  adder_inst/rca3/fa0/U1/Y (XOR2X1_RVT)         0.14       4.08 f
  adder_inst/rca3/fa0/U3/Y (AO22X1_RVT)         0.07       4.16 f
  adder_inst/rca3/fa0/cout (full_adder_3)       0.00       4.16 f
  adder_inst/rca3/fa1/cin (full_adder_2)        0.00       4.16 f
  adder_inst/rca3/fa1/U1/Y (XOR2X1_RVT)         0.13       4.29 r
  adder_inst/rca3/fa1/U3/Y (AO22X1_RVT)         0.08       4.37 r
  adder_inst/rca3/fa1/cout (full_adder_2)       0.00       4.37 r
  adder_inst/rca3/fa2/cin (full_adder_1)        0.00       4.37 r
  adder_inst/rca3/fa2/U1/Y (XOR2X1_RVT)         0.14       4.51 f
  adder_inst/rca3/fa2/U3/Y (AO22X1_RVT)         0.07       4.58 f
  adder_inst/rca3/fa2/cout (full_adder_1)       0.00       4.58 f
  adder_inst/rca3/fa3/cin (full_adder_0)        0.00       4.58 f
  adder_inst/rca3/fa3/U1/Y (XOR2X1_RVT)         0.13       4.72 r
  adder_inst/rca3/fa3/U2/Y (XOR2X1_RVT)         0.13       4.85 f
  adder_inst/rca3/fa3/sum (full_adder_0)        0.00       4.85 f
  adder_inst/rca3/sum[3] (adder_rca4_0)         0.00       4.85 f
  adder_inst/sum[15] (adder_rca16)              0.00       4.85 f
  U145/Y (XOR2X1_RVT)                           0.11       4.96 r
  U61/Y (AND2X1_RVT)                            0.05       5.01 r
  overflow_flag_reg/D (DFFARX1_RVT)             0.00       5.01 r
  data arrival time                                        5.01

  clock ideal_clock1 (rise edge)                8.00       8.00
  clock network delay (ideal)                   0.00       8.00
  overflow_flag_reg/CLK (DFFARX1_RVT)           0.00       8.00 r
  library setup time                           -0.05       7.95
  data required time                                       7.95
  ----------------------------------------------------------------
  data required time                                       7.95
  data arrival time                                       -5.01
  ----------------------------------------------------------------
  slack (MET)                                              2.94


  Startpoint: opcode[2] (input port clocked by ideal_clock1)
  Endpoint: Y_reg[15] (rising edge-triggered flip-flop clocked by ideal_clock1)
  Path Group: ideal_clock1
  Path Type: max

  Des/Clust/Port     Wire Load Model       Library
  ------------------------------------------------
  alu_rca            8000                  saed32rvt_ss0p95v125c
  full_adder_15      ForQA                 saed32rvt_ss0p95v125c
  adder_rca4_3       ForQA                 saed32rvt_ss0p95v125c
  full_adder_14      ForQA                 saed32rvt_ss0p95v125c
  full_adder_13      ForQA                 saed32rvt_ss0p95v125c
  full_adder_12      ForQA                 saed32rvt_ss0p95v125c
  adder_rca16        ForQA                 saed32rvt_ss0p95v125c
  full_adder_11      ForQA                 saed32rvt_ss0p95v125c
  adder_rca4_2       ForQA                 saed32rvt_ss0p95v125c
  full_adder_10      ForQA                 saed32rvt_ss0p95v125c
  full_adder_9       ForQA                 saed32rvt_ss0p95v125c
  full_adder_8       ForQA                 saed32rvt_ss0p95v125c
  full_adder_7       ForQA                 saed32rvt_ss0p95v125c
  adder_rca4_1       ForQA                 saed32rvt_ss0p95v125c
  full_adder_6       ForQA                 saed32rvt_ss0p95v125c
  full_adder_5       ForQA                 saed32rvt_ss0p95v125c
  full_adder_4       ForQA                 saed32rvt_ss0p95v125c
  full_adder_3       ForQA                 saed32rvt_ss0p95v125c
  adder_rca4_0       ForQA                 saed32rvt_ss0p95v125c
  full_adder_2       ForQA                 saed32rvt_ss0p95v125c
  full_adder_1       ForQA                 saed32rvt_ss0p95v125c
  full_adder_0       ForQA                 saed32rvt_ss0p95v125c

  Point                                         Incr       Path
  ----------------------------------------------------------------
  clock ideal_clock1 (rise edge)                0.00       0.00
  clock network delay (ideal)                   0.00       0.00
  input external delay                          1.00       1.00 f
  opcode[2] (in)                                0.00       1.00 f
  U143/Y (INVX1_RVT)                            0.02       1.02 r
  U111/Y (NAND3X0_RVT)                          0.11       1.13 f
  U119/Y (INVX2_RVT)                            0.12       1.24 r
  U118/Y (XNOR2X1_RVT)                          0.14       1.38 f
  adder_inst/b[0] (adder_rca16)                 0.00       1.38 f
  adder_inst/rca0/b[0] (adder_rca4_3)           0.00       1.38 f
  adder_inst/rca0/fa0/b (full_adder_15)         0.00       1.38 f
  adder_inst/rca0/fa0/U1/Y (XOR2X1_RVT)         0.12       1.50 r
  adder_inst/rca0/fa0/U3/Y (AO22X1_RVT)         0.08       1.59 r
  adder_inst/rca0/fa0/cout (full_adder_15)      0.00       1.59 r
  adder_inst/rca0/fa1/cin (full_adder_14)       0.00       1.59 r
  adder_inst/rca0/fa1/U1/Y (XOR2X1_RVT)         0.14       1.72 f
  adder_inst/rca0/fa1/U3/Y (AO22X1_RVT)         0.07       1.80 f
  adder_inst/rca0/fa1/cout (full_adder_14)      0.00       1.80 f
  adder_inst/rca0/fa2/cin (full_adder_13)       0.00       1.80 f
  adder_inst/rca0/fa2/U1/Y (XOR2X1_RVT)         0.13       1.93 r
  adder_inst/rca0/fa2/U3/Y (AO22X1_RVT)         0.08       2.01 r
  adder_inst/rca0/fa2/cout (full_adder_13)      0.00       2.01 r
  adder_inst/rca0/fa3/cin (full_adder_12)       0.00       2.01 r
  adder_inst/rca0/fa3/U1/Y (XOR2X1_RVT)         0.14       2.15 f
  adder_inst/rca0/fa3/U3/Y (AO22X1_RVT)         0.07       2.22 f
  adder_inst/rca0/fa3/cout (full_adder_12)      0.00       2.22 f
  adder_inst/rca0/cout (adder_rca4_3)           0.00       2.22 f
  adder_inst/rca1/cin (adder_rca4_2)            0.00       2.22 f
  adder_inst/rca1/fa0/cin (full_adder_11)       0.00       2.22 f
  adder_inst/rca1/fa0/U1/Y (XOR2X1_RVT)         0.13       2.36 r
  adder_inst/rca1/fa0/U3/Y (AO22X1_RVT)         0.08       2.44 r
  adder_inst/rca1/fa0/cout (full_adder_11)      0.00       2.44 r
  adder_inst/rca1/fa1/cin (full_adder_10)       0.00       2.44 r
  adder_inst/rca1/fa1/U1/Y (XOR2X1_RVT)         0.14       2.58 f
  adder_inst/rca1/fa1/U3/Y (AO22X1_RVT)         0.07       2.65 f
  adder_inst/rca1/fa1/cout (full_adder_10)      0.00       2.65 f
  adder_inst/rca1/fa2/cin (full_adder_9)        0.00       2.65 f
  adder_inst/rca1/fa2/U1/Y (XOR2X1_RVT)         0.13       2.78 r
  adder_inst/rca1/fa2/U3/Y (AO22X1_RVT)         0.08       2.87 r
  adder_inst/rca1/fa2/cout (full_adder_9)       0.00       2.87 r
  adder_inst/rca1/fa3/cin (full_adder_8)        0.00       2.87 r
  adder_inst/rca1/fa3/U1/Y (XOR2X1_RVT)         0.14       3.00 f
  adder_inst/rca1/fa3/U3/Y (AO22X1_RVT)         0.07       3.08 f
  adder_inst/rca1/fa3/cout (full_adder_8)       0.00       3.08 f
  adder_inst/rca1/cout (adder_rca4_2)           0.00       3.08 f
  adder_inst/rca2/cin (adder_rca4_1)            0.00       3.08 f
  adder_inst/rca2/fa0/cin (full_adder_7)        0.00       3.08 f
  adder_inst/rca2/fa0/U1/Y (XOR2X1_RVT)         0.13       3.21 r
  adder_inst/rca2/fa0/U3/Y (AO22X1_RVT)         0.08       3.29 r
  adder_inst/rca2/fa0/cout (full_adder_7)       0.00       3.29 r
  adder_inst/rca2/fa1/cin (full_adder_6)        0.00       3.29 r
  adder_inst/rca2/fa1/U1/Y (XOR2X1_RVT)         0.14       3.43 f
  adder_inst/rca2/fa1/U3/Y (AO22X1_RVT)         0.07       3.50 f
  adder_inst/rca2/fa1/cout (full_adder_6)       0.00       3.50 f
  adder_inst/rca2/fa2/cin (full_adder_5)        0.00       3.50 f
  adder_inst/rca2/fa2/U1/Y (XOR2X1_RVT)         0.13       3.64 r
  adder_inst/rca2/fa2/U3/Y (AO22X1_RVT)         0.08       3.72 r
  adder_inst/rca2/fa2/cout (full_adder_5)       0.00       3.72 r
  adder_inst/rca2/fa3/cin (full_adder_4)        0.00       3.72 r
  adder_inst/rca2/fa3/U1/Y (XOR2X1_RVT)         0.14       3.85 f
  adder_inst/rca2/fa3/U3/Y (AO22X1_RVT)         0.07       3.93 f
  adder_inst/rca2/fa3/cout (full_adder_4)       0.00       3.93 f
  adder_inst/rca2/cout (adder_rca4_1)           0.00       3.93 f
  adder_inst/rca3/cin (adder_rca4_0)            0.00       3.93 f
  adder_inst/rca3/fa0/cin (full_adder_3)        0.00       3.93 f
  adder_inst/rca3/fa0/U1/Y (XOR2X1_RVT)         0.13       4.06 r
  adder_inst/rca3/fa0/U3/Y (AO22X1_RVT)         0.08       4.15 r
  adder_inst/rca3/fa0/cout (full_adder_3)       0.00       4.15 r
  adder_inst/rca3/fa1/cin (full_adder_2)        0.00       4.15 r
  adder_inst/rca3/fa1/U1/Y (XOR2X1_RVT)         0.14       4.28 f
  adder_inst/rca3/fa1/U3/Y (AO22X1_RVT)         0.07       4.35 f
  adder_inst/rca3/fa1/cout (full_adder_2)       0.00       4.35 f
  adder_inst/rca3/fa2/cin (full_adder_1)        0.00       4.35 f
  adder_inst/rca3/fa2/U1/Y (XOR2X1_RVT)         0.13       4.49 r
  adder_inst/rca3/fa2/U3/Y (AO22X1_RVT)         0.08       4.57 r
  adder_inst/rca3/fa2/cout (full_adder_1)       0.00       4.57 r
  adder_inst/rca3/fa3/cin (full_adder_0)        0.00       4.57 r
  adder_inst/rca3/fa3/U1/Y (XOR2X1_RVT)         0.14       4.71 f
  adder_inst/rca3/fa3/U2/Y (XOR2X1_RVT)         0.13       4.84 r
  adder_inst/rca3/fa3/sum (full_adder_0)        0.00       4.84 r
  adder_inst/rca3/sum[3] (adder_rca4_0)         0.00       4.84 r
  adder_inst/sum[15] (adder_rca16)              0.00       4.84 r
  U91/Y (AO221X1_RVT)                           0.09       4.93 r
  Y_reg[15]/D (DFFARX1_RVT)                     0.00       4.93 r
  data arrival time                                        4.93

  clock ideal_clock1 (rise edge)                8.00       8.00
  clock network delay (ideal)                   0.00       8.00
  Y_reg[15]/CLK (DFFARX1_RVT)                   0.00       8.00 r
  library setup time                           -0.07       7.93
  data required time                                       7.93
  ----------------------------------------------------------------
  data required time                                       7.93
  data arrival time                                       -4.93
  ----------------------------------------------------------------
  slack (MET)                                              3.00


  Startpoint: opcode[2] (input port clocked by ideal_clock1)
  Endpoint: carry_out_reg
            (rising edge-triggered flip-flop clocked by ideal_clock1)
  Path Group: ideal_clock1
  Path Type: max

  Des/Clust/Port     Wire Load Model       Library
  ------------------------------------------------
  alu_rca            8000                  saed32rvt_ss0p95v125c
  full_adder_15      ForQA                 saed32rvt_ss0p95v125c
  adder_rca4_3       ForQA                 saed32rvt_ss0p95v125c
  full_adder_14      ForQA                 saed32rvt_ss0p95v125c
  full_adder_13      ForQA                 saed32rvt_ss0p95v125c
  full_adder_12      ForQA                 saed32rvt_ss0p95v125c
  adder_rca16        ForQA                 saed32rvt_ss0p95v125c
  full_adder_11      ForQA                 saed32rvt_ss0p95v125c
  adder_rca4_2       ForQA                 saed32rvt_ss0p95v125c
  full_adder_10      ForQA                 saed32rvt_ss0p95v125c
  full_adder_9       ForQA                 saed32rvt_ss0p95v125c
  full_adder_8       ForQA                 saed32rvt_ss0p95v125c
  full_adder_7       ForQA                 saed32rvt_ss0p95v125c
  adder_rca4_1       ForQA                 saed32rvt_ss0p95v125c
  full_adder_6       ForQA                 saed32rvt_ss0p95v125c
  full_adder_5       ForQA                 saed32rvt_ss0p95v125c
  full_adder_4       ForQA                 saed32rvt_ss0p95v125c
  full_adder_3       ForQA                 saed32rvt_ss0p95v125c
  adder_rca4_0       ForQA                 saed32rvt_ss0p95v125c
  full_adder_2       ForQA                 saed32rvt_ss0p95v125c
  full_adder_1       ForQA                 saed32rvt_ss0p95v125c
  full_adder_0       ForQA                 saed32rvt_ss0p95v125c

  Point                                         Incr       Path
  ----------------------------------------------------------------
  clock ideal_clock1 (rise edge)                0.00       0.00
  clock network delay (ideal)                   0.00       0.00
  input external delay                          1.00       1.00 f
  opcode[2] (in)                                0.00       1.00 f
  U143/Y (INVX1_RVT)                            0.02       1.02 r
  U111/Y (NAND3X0_RVT)                          0.11       1.13 f
  U119/Y (INVX2_RVT)                            0.12       1.24 r
  U118/Y (XNOR2X1_RVT)                          0.15       1.39 r
  adder_inst/b[0] (adder_rca16)                 0.00       1.39 r
  adder_inst/rca0/b[0] (adder_rca4_3)           0.00       1.39 r
  adder_inst/rca0/fa0/b (full_adder_15)         0.00       1.39 r
  adder_inst/rca0/fa0/U1/Y (XOR2X1_RVT)         0.13       1.52 f
  adder_inst/rca0/fa0/U3/Y (AO22X1_RVT)         0.07       1.60 f
  adder_inst/rca0/fa0/cout (full_adder_15)      0.00       1.60 f
  adder_inst/rca0/fa1/cin (full_adder_14)       0.00       1.60 f
  adder_inst/rca0/fa1/U1/Y (XOR2X1_RVT)         0.13       1.73 r
  adder_inst/rca0/fa1/U3/Y (AO22X1_RVT)         0.08       1.81 r
  adder_inst/rca0/fa1/cout (full_adder_14)      0.00       1.81 r
  adder_inst/rca0/fa2/cin (full_adder_13)       0.00       1.81 r
  adder_inst/rca0/fa2/U1/Y (XOR2X1_RVT)         0.14       1.95 f
  adder_inst/rca0/fa2/U3/Y (AO22X1_RVT)         0.07       2.02 f
  adder_inst/rca0/fa2/cout (full_adder_13)      0.00       2.02 f
  adder_inst/rca0/fa3/cin (full_adder_12)       0.00       2.02 f
  adder_inst/rca0/fa3/U1/Y (XOR2X1_RVT)         0.13       2.16 r
  adder_inst/rca0/fa3/U3/Y (AO22X1_RVT)         0.08       2.24 r
  adder_inst/rca0/fa3/cout (full_adder_12)      0.00       2.24 r
  adder_inst/rca0/cout (adder_rca4_3)           0.00       2.24 r
  adder_inst/rca1/cin (adder_rca4_2)            0.00       2.24 r
  adder_inst/rca1/fa0/cin (full_adder_11)       0.00       2.24 r
  adder_inst/rca1/fa0/U1/Y (XOR2X1_RVT)         0.14       2.38 f
  adder_inst/rca1/fa0/U3/Y (AO22X1_RVT)         0.07       2.45 f
  adder_inst/rca1/fa0/cout (full_adder_11)      0.00       2.45 f
  adder_inst/rca1/fa1/cin (full_adder_10)       0.00       2.45 f
  adder_inst/rca1/fa1/U1/Y (XOR2X1_RVT)         0.13       2.58 r
  adder_inst/rca1/fa1/U3/Y (AO22X1_RVT)         0.08       2.67 r
  adder_inst/rca1/fa1/cout (full_adder_10)      0.00       2.67 r
  adder_inst/rca1/fa2/cin (full_adder_9)        0.00       2.67 r
  adder_inst/rca1/fa2/U1/Y (XOR2X1_RVT)         0.14       2.80 f
  adder_inst/rca1/fa2/U3/Y (AO22X1_RVT)         0.07       2.88 f
  adder_inst/rca1/fa2/cout (full_adder_9)       0.00       2.88 f
  adder_inst/rca1/fa3/cin (full_adder_8)        0.00       2.88 f
  adder_inst/rca1/fa3/U1/Y (XOR2X1_RVT)         0.13       3.01 r
  adder_inst/rca1/fa3/U3/Y (AO22X1_RVT)         0.08       3.09 r
  adder_inst/rca1/fa3/cout (full_adder_8)       0.00       3.09 r
  adder_inst/rca1/cout (adder_rca4_2)           0.00       3.09 r
  adder_inst/rca2/cin (adder_rca4_1)            0.00       3.09 r
  adder_inst/rca2/fa0/cin (full_adder_7)        0.00       3.09 r
  adder_inst/rca2/fa0/U1/Y (XOR2X1_RVT)         0.14       3.23 f
  adder_inst/rca2/fa0/U3/Y (AO22X1_RVT)         0.07       3.30 f
  adder_inst/rca2/fa0/cout (full_adder_7)       0.00       3.30 f
  adder_inst/rca2/fa1/cin (full_adder_6)        0.00       3.30 f
  adder_inst/rca2/fa1/U1/Y (XOR2X1_RVT)         0.13       3.44 r
  adder_inst/rca2/fa1/U3/Y (AO22X1_RVT)         0.08       3.52 r
  adder_inst/rca2/fa1/cout (full_adder_6)       0.00       3.52 r
  adder_inst/rca2/fa2/cin (full_adder_5)        0.00       3.52 r
  adder_inst/rca2/fa2/U1/Y (XOR2X1_RVT)         0.14       3.66 f
  adder_inst/rca2/fa2/U3/Y (AO22X1_RVT)         0.07       3.73 f
  adder_inst/rca2/fa2/cout (full_adder_5)       0.00       3.73 f
  adder_inst/rca2/fa3/cin (full_adder_4)        0.00       3.73 f
  adder_inst/rca2/fa3/U1/Y (XOR2X1_RVT)         0.13       3.86 r
  adder_inst/rca2/fa3/U3/Y (AO22X1_RVT)         0.08       3.95 r
  adder_inst/rca2/fa3/cout (full_adder_4)       0.00       3.95 r
  adder_inst/rca2/cout (adder_rca4_1)           0.00       3.95 r
  adder_inst/rca3/cin (adder_rca4_0)            0.00       3.95 r
  adder_inst/rca3/fa0/cin (full_adder_3)        0.00       3.95 r
  adder_inst/rca3/fa0/U1/Y (XOR2X1_RVT)         0.14       4.08 f
  adder_inst/rca3/fa0/U3/Y (AO22X1_RVT)         0.07       4.16 f
  adder_inst/rca3/fa0/cout (full_adder_3)       0.00       4.16 f
  adder_inst/rca3/fa1/cin (full_adder_2)        0.00       4.16 f
  adder_inst/rca3/fa1/U1/Y (XOR2X1_RVT)         0.13       4.29 r
  adder_inst/rca3/fa1/U3/Y (AO22X1_RVT)         0.08       4.37 r
  adder_inst/rca3/fa1/cout (full_adder_2)       0.00       4.37 r
  adder_inst/rca3/fa2/cin (full_adder_1)        0.00       4.37 r
  adder_inst/rca3/fa2/U1/Y (XOR2X1_RVT)         0.14       4.51 f
  adder_inst/rca3/fa2/U3/Y (AO22X1_RVT)         0.07       4.58 f
  adder_inst/rca3/fa2/cout (full_adder_1)       0.00       4.58 f
  adder_inst/rca3/fa3/cin (full_adder_0)        0.00       4.58 f
  adder_inst/rca3/fa3/U1/Y (XOR2X1_RVT)         0.13       4.72 r
  adder_inst/rca3/fa3/U3/Y (AO22X1_RVT)         0.07       4.79 r
  adder_inst/rca3/fa3/cout (full_adder_0)       0.00       4.79 r
  adder_inst/rca3/cout (adder_rca4_0)           0.00       4.79 r
  adder_inst/cout (adder_rca16)                 0.00       4.79 r
  U63/Y (AND2X1_RVT)                            0.05       4.84 r
  carry_out_reg/D (DFFARX1_RVT)                 0.00       4.84 r
  data arrival time                                        4.84

  clock ideal_clock1 (rise edge)                8.00       8.00
  clock network delay (ideal)                   0.00       8.00
  carry_out_reg/CLK (DFFARX1_RVT)               0.00       8.00 r
  library setup time                           -0.06       7.94
  data required time                                       7.94
  ----------------------------------------------------------------
  data required time                                       7.94
  data arrival time                                       -4.84
  ----------------------------------------------------------------
  slack (MET)                                              3.11


  Startpoint: opcode[2] (input port clocked by ideal_clock1)
  Endpoint: Y_reg[14] (rising edge-triggered flip-flop clocked by ideal_clock1)
  Path Group: ideal_clock1
  Path Type: max

  Des/Clust/Port     Wire Load Model       Library
  ------------------------------------------------
  alu_rca            8000                  saed32rvt_ss0p95v125c
  full_adder_15      ForQA                 saed32rvt_ss0p95v125c
  adder_rca4_3       ForQA                 saed32rvt_ss0p95v125c
  full_adder_14      ForQA                 saed32rvt_ss0p95v125c
  full_adder_13      ForQA                 saed32rvt_ss0p95v125c
  full_adder_12      ForQA                 saed32rvt_ss0p95v125c
  adder_rca16        ForQA                 saed32rvt_ss0p95v125c
  full_adder_11      ForQA                 saed32rvt_ss0p95v125c
  adder_rca4_2       ForQA                 saed32rvt_ss0p95v125c
  full_adder_10      ForQA                 saed32rvt_ss0p95v125c
  full_adder_9       ForQA                 saed32rvt_ss0p95v125c
  full_adder_8       ForQA                 saed32rvt_ss0p95v125c
  full_adder_7       ForQA                 saed32rvt_ss0p95v125c
  adder_rca4_1       ForQA                 saed32rvt_ss0p95v125c
  full_adder_6       ForQA                 saed32rvt_ss0p95v125c
  full_adder_5       ForQA                 saed32rvt_ss0p95v125c
  full_adder_4       ForQA                 saed32rvt_ss0p95v125c
  full_adder_3       ForQA                 saed32rvt_ss0p95v125c
  adder_rca4_0       ForQA                 saed32rvt_ss0p95v125c
  full_adder_2       ForQA                 saed32rvt_ss0p95v125c
  full_adder_1       ForQA                 saed32rvt_ss0p95v125c

  Point                                         Incr       Path
  ----------------------------------------------------------------
  clock ideal_clock1 (rise edge)                0.00       0.00
  clock network delay (ideal)                   0.00       0.00
  input external delay                          1.00       1.00 f
  opcode[2] (in)                                0.00       1.00 f
  U143/Y (INVX1_RVT)                            0.02       1.02 r
  U111/Y (NAND3X0_RVT)                          0.11       1.13 f
  U119/Y (INVX2_RVT)                            0.12       1.24 r
  U118/Y (XNOR2X1_RVT)                          0.15       1.39 r
  adder_inst/b[0] (adder_rca16)                 0.00       1.39 r
  adder_inst/rca0/b[0] (adder_rca4_3)           0.00       1.39 r
  adder_inst/rca0/fa0/b (full_adder_15)         0.00       1.39 r
  adder_inst/rca0/fa0/U1/Y (XOR2X1_RVT)         0.13       1.52 f
  adder_inst/rca0/fa0/U3/Y (AO22X1_RVT)         0.07       1.60 f
  adder_inst/rca0/fa0/cout (full_adder_15)      0.00       1.60 f
  adder_inst/rca0/fa1/cin (full_adder_14)       0.00       1.60 f
  adder_inst/rca0/fa1/U1/Y (XOR2X1_RVT)         0.13       1.73 r
  adder_inst/rca0/fa1/U3/Y (AO22X1_RVT)         0.08       1.81 r
  adder_inst/rca0/fa1/cout (full_adder_14)      0.00       1.81 r
  adder_inst/rca0/fa2/cin (full_adder_13)       0.00       1.81 r
  adder_inst/rca0/fa2/U1/Y (XOR2X1_RVT)         0.14       1.95 f
  adder_inst/rca0/fa2/U3/Y (AO22X1_RVT)         0.07       2.02 f
  adder_inst/rca0/fa2/cout (full_adder_13)      0.00       2.02 f
  adder_inst/rca0/fa3/cin (full_adder_12)       0.00       2.02 f
  adder_inst/rca0/fa3/U1/Y (XOR2X1_RVT)         0.13       2.16 r
  adder_inst/rca0/fa3/U3/Y (AO22X1_RVT)         0.08       2.24 r
  adder_inst/rca0/fa3/cout (full_adder_12)      0.00       2.24 r
  adder_inst/rca0/cout (adder_rca4_3)           0.00       2.24 r
  adder_inst/rca1/cin (adder_rca4_2)            0.00       2.24 r
  adder_inst/rca1/fa0/cin (full_adder_11)       0.00       2.24 r
  adder_inst/rca1/fa0/U1/Y (XOR2X1_RVT)         0.14       2.38 f
  adder_inst/rca1/fa0/U3/Y (AO22X1_RVT)         0.07       2.45 f
  adder_inst/rca1/fa0/cout (full_adder_11)      0.00       2.45 f
  adder_inst/rca1/fa1/cin (full_adder_10)       0.00       2.45 f
  adder_inst/rca1/fa1/U1/Y (XOR2X1_RVT)         0.13       2.58 r
  adder_inst/rca1/fa1/U3/Y (AO22X1_RVT)         0.08       2.67 r
  adder_inst/rca1/fa1/cout (full_adder_10)      0.00       2.67 r
  adder_inst/rca1/fa2/cin (full_adder_9)        0.00       2.67 r
  adder_inst/rca1/fa2/U1/Y (XOR2X1_RVT)         0.14       2.80 f
  adder_inst/rca1/fa2/U3/Y (AO22X1_RVT)         0.07       2.88 f
  adder_inst/rca1/fa2/cout (full_adder_9)       0.00       2.88 f
  adder_inst/rca1/fa3/cin (full_adder_8)        0.00       2.88 f
  adder_inst/rca1/fa3/U1/Y (XOR2X1_RVT)         0.13       3.01 r
  adder_inst/rca1/fa3/U3/Y (AO22X1_RVT)         0.08       3.09 r
  adder_inst/rca1/fa3/cout (full_adder_8)       0.00       3.09 r
  adder_inst/rca1/cout (adder_rca4_2)           0.00       3.09 r
  adder_inst/rca2/cin (adder_rca4_1)            0.00       3.09 r
  adder_inst/rca2/fa0/cin (full_adder_7)        0.00       3.09 r
  adder_inst/rca2/fa0/U1/Y (XOR2X1_RVT)         0.14       3.23 f
  adder_inst/rca2/fa0/U3/Y (AO22X1_RVT)         0.07       3.30 f
  adder_inst/rca2/fa0/cout (full_adder_7)       0.00       3.30 f
  adder_inst/rca2/fa1/cin (full_adder_6)        0.00       3.30 f
  adder_inst/rca2/fa1/U1/Y (XOR2X1_RVT)         0.13       3.44 r
  adder_inst/rca2/fa1/U3/Y (AO22X1_RVT)         0.08       3.52 r
  adder_inst/rca2/fa1/cout (full_adder_6)       0.00       3.52 r
  adder_inst/rca2/fa2/cin (full_adder_5)        0.00       3.52 r
  adder_inst/rca2/fa2/U1/Y (XOR2X1_RVT)         0.14       3.66 f
  adder_inst/rca2/fa2/U3/Y (AO22X1_RVT)         0.07       3.73 f
  adder_inst/rca2/fa2/cout (full_adder_5)       0.00       3.73 f
  adder_inst/rca2/fa3/cin (full_adder_4)        0.00       3.73 f
  adder_inst/rca2/fa3/U1/Y (XOR2X1_RVT)         0.13       3.86 r
  adder_inst/rca2/fa3/U3/Y (AO22X1_RVT)         0.08       3.95 r
  adder_inst/rca2/fa3/cout (full_adder_4)       0.00       3.95 r
  adder_inst/rca2/cout (adder_rca4_1)           0.00       3.95 r
  adder_inst/rca3/cin (adder_rca4_0)            0.00       3.95 r
  adder_inst/rca3/fa0/cin (full_adder_3)        0.00       3.95 r
  adder_inst/rca3/fa0/U1/Y (XOR2X1_RVT)         0.14       4.08 f
  adder_inst/rca3/fa0/U3/Y (AO22X1_RVT)         0.07       4.16 f
  adder_inst/rca3/fa0/cout (full_adder_3)       0.00       4.16 f
  adder_inst/rca3/fa1/cin (full_adder_2)        0.00       4.16 f
  adder_inst/rca3/fa1/U1/Y (XOR2X1_RVT)         0.13       4.29 r
  adder_inst/rca3/fa1/U3/Y (AO22X1_RVT)         0.08       4.37 r
  adder_inst/rca3/fa1/cout (full_adder_2)       0.00       4.37 r
  adder_inst/rca3/fa2/cin (full_adder_1)        0.00       4.37 r
  adder_inst/rca3/fa2/U1/Y (XOR2X1_RVT)         0.14       4.51 f
  adder_inst/rca3/fa2/U2/Y (XOR2X1_RVT)         0.12       4.63 r
  adder_inst/rca3/fa2/sum (full_adder_1)        0.00       4.63 r
  adder_inst/rca3/sum[2] (adder_rca4_0)         0.00       4.63 r
  adder_inst/sum[14] (adder_rca16)              0.00       4.63 r
  U94/Y (AO222X1_RVT)                           0.09       4.72 r
  Y_reg[14]/D (DFFARX1_RVT)                     0.00       4.72 r
  data arrival time                                        4.72

  clock ideal_clock1 (rise edge)                8.00       8.00
  clock network delay (ideal)                   0.00       8.00
  Y_reg[14]/CLK (DFFARX1_RVT)                   0.00       8.00 r
  library setup time                           -0.07       7.93
  data required time                                       7.93
  ----------------------------------------------------------------
  data required time                                       7.93
  data arrival time                                       -4.72
  ----------------------------------------------------------------
  slack (MET)                                              3.21


  Startpoint: opcode[2] (input port clocked by ideal_clock1)
  Endpoint: Y_reg[13] (rising edge-triggered flip-flop clocked by ideal_clock1)
  Path Group: ideal_clock1
  Path Type: max

  Des/Clust/Port     Wire Load Model       Library
  ------------------------------------------------
  alu_rca            8000                  saed32rvt_ss0p95v125c
  full_adder_15      ForQA                 saed32rvt_ss0p95v125c
  adder_rca4_3       ForQA                 saed32rvt_ss0p95v125c
  full_adder_14      ForQA                 saed32rvt_ss0p95v125c
  full_adder_13      ForQA                 saed32rvt_ss0p95v125c
  full_adder_12      ForQA                 saed32rvt_ss0p95v125c
  adder_rca16        ForQA                 saed32rvt_ss0p95v125c
  full_adder_11      ForQA                 saed32rvt_ss0p95v125c
  adder_rca4_2       ForQA                 saed32rvt_ss0p95v125c
  full_adder_10      ForQA                 saed32rvt_ss0p95v125c
  full_adder_9       ForQA                 saed32rvt_ss0p95v125c
  full_adder_8       ForQA                 saed32rvt_ss0p95v125c
  full_adder_7       ForQA                 saed32rvt_ss0p95v125c
  adder_rca4_1       ForQA                 saed32rvt_ss0p95v125c
  full_adder_6       ForQA                 saed32rvt_ss0p95v125c
  full_adder_5       ForQA                 saed32rvt_ss0p95v125c
  full_adder_4       ForQA                 saed32rvt_ss0p95v125c
  full_adder_3       ForQA                 saed32rvt_ss0p95v125c
  adder_rca4_0       ForQA                 saed32rvt_ss0p95v125c
  full_adder_2       ForQA                 saed32rvt_ss0p95v125c

  Point                                         Incr       Path
  ----------------------------------------------------------------
  clock ideal_clock1 (rise edge)                0.00       0.00
  clock network delay (ideal)                   0.00       0.00
  input external delay                          1.00       1.00 f
  opcode[2] (in)                                0.00       1.00 f
  U143/Y (INVX1_RVT)                            0.02       1.02 r
  U111/Y (NAND3X0_RVT)                          0.11       1.13 f
  U119/Y (INVX2_RVT)                            0.12       1.24 r
  U118/Y (XNOR2X1_RVT)                          0.14       1.38 f
  adder_inst/b[0] (adder_rca16)                 0.00       1.38 f
  adder_inst/rca0/b[0] (adder_rca4_3)           0.00       1.38 f
  adder_inst/rca0/fa0/b (full_adder_15)         0.00       1.38 f
  adder_inst/rca0/fa0/U1/Y (XOR2X1_RVT)         0.12       1.50 r
  adder_inst/rca0/fa0/U3/Y (AO22X1_RVT)         0.08       1.59 r
  adder_inst/rca0/fa0/cout (full_adder_15)      0.00       1.59 r
  adder_inst/rca0/fa1/cin (full_adder_14)       0.00       1.59 r
  adder_inst/rca0/fa1/U1/Y (XOR2X1_RVT)         0.14       1.72 f
  adder_inst/rca0/fa1/U3/Y (AO22X1_RVT)         0.07       1.80 f
  adder_inst/rca0/fa1/cout (full_adder_14)      0.00       1.80 f
  adder_inst/rca0/fa2/cin (full_adder_13)       0.00       1.80 f
  adder_inst/rca0/fa2/U1/Y (XOR2X1_RVT)         0.13       1.93 r
  adder_inst/rca0/fa2/U3/Y (AO22X1_RVT)         0.08       2.01 r
  adder_inst/rca0/fa2/cout (full_adder_13)      0.00       2.01 r
  adder_inst/rca0/fa3/cin (full_adder_12)       0.00       2.01 r
  adder_inst/rca0/fa3/U1/Y (XOR2X1_RVT)         0.14       2.15 f
  adder_inst/rca0/fa3/U3/Y (AO22X1_RVT)         0.07       2.22 f
  adder_inst/rca0/fa3/cout (full_adder_12)      0.00       2.22 f
  adder_inst/rca0/cout (adder_rca4_3)           0.00       2.22 f
  adder_inst/rca1/cin (adder_rca4_2)            0.00       2.22 f
  adder_inst/rca1/fa0/cin (full_adder_11)       0.00       2.22 f
  adder_inst/rca1/fa0/U1/Y (XOR2X1_RVT)         0.13       2.36 r
  adder_inst/rca1/fa0/U3/Y (AO22X1_RVT)         0.08       2.44 r
  adder_inst/rca1/fa0/cout (full_adder_11)      0.00       2.44 r
  adder_inst/rca1/fa1/cin (full_adder_10)       0.00       2.44 r
  adder_inst/rca1/fa1/U1/Y (XOR2X1_RVT)         0.14       2.58 f
  adder_inst/rca1/fa1/U3/Y (AO22X1_RVT)         0.07       2.65 f
  adder_inst/rca1/fa1/cout (full_adder_10)      0.00       2.65 f
  adder_inst/rca1/fa2/cin (full_adder_9)        0.00       2.65 f
  adder_inst/rca1/fa2/U1/Y (XOR2X1_RVT)         0.13       2.78 r
  adder_inst/rca1/fa2/U3/Y (AO22X1_RVT)         0.08       2.87 r
  adder_inst/rca1/fa2/cout (full_adder_9)       0.00       2.87 r
  adder_inst/rca1/fa3/cin (full_adder_8)        0.00       2.87 r
  adder_inst/rca1/fa3/U1/Y (XOR2X1_RVT)         0.14       3.00 f
  adder_inst/rca1/fa3/U3/Y (AO22X1_RVT)         0.07       3.08 f
  adder_inst/rca1/fa3/cout (full_adder_8)       0.00       3.08 f
  adder_inst/rca1/cout (adder_rca4_2)           0.00       3.08 f
  adder_inst/rca2/cin (adder_rca4_1)            0.00       3.08 f
  adder_inst/rca2/fa0/cin (full_adder_7)        0.00       3.08 f
  adder_inst/rca2/fa0/U1/Y (XOR2X1_RVT)         0.13       3.21 r
  adder_inst/rca2/fa0/U3/Y (AO22X1_RVT)         0.08       3.29 r
  adder_inst/rca2/fa0/cout (full_adder_7)       0.00       3.29 r
  adder_inst/rca2/fa1/cin (full_adder_6)        0.00       3.29 r
  adder_inst/rca2/fa1/U1/Y (XOR2X1_RVT)         0.14       3.43 f
  adder_inst/rca2/fa1/U3/Y (AO22X1_RVT)         0.07       3.50 f
  adder_inst/rca2/fa1/cout (full_adder_6)       0.00       3.50 f
  adder_inst/rca2/fa2/cin (full_adder_5)        0.00       3.50 f
  adder_inst/rca2/fa2/U1/Y (XOR2X1_RVT)         0.13       3.64 r
  adder_inst/rca2/fa2/U3/Y (AO22X1_RVT)         0.08       3.72 r
  adder_inst/rca2/fa2/cout (full_adder_5)       0.00       3.72 r
  adder_inst/rca2/fa3/cin (full_adder_4)        0.00       3.72 r
  adder_inst/rca2/fa3/U1/Y (XOR2X1_RVT)         0.14       3.85 f
  adder_inst/rca2/fa3/U3/Y (AO22X1_RVT)         0.07       3.93 f
  adder_inst/rca2/fa3/cout (full_adder_4)       0.00       3.93 f
  adder_inst/rca2/cout (adder_rca4_1)           0.00       3.93 f
  adder_inst/rca3/cin (adder_rca4_0)            0.00       3.93 f
  adder_inst/rca3/fa0/cin (full_adder_3)        0.00       3.93 f
  adder_inst/rca3/fa0/U1/Y (XOR2X1_RVT)         0.13       4.06 r
  adder_inst/rca3/fa0/U3/Y (AO22X1_RVT)         0.08       4.15 r
  adder_inst/rca3/fa0/cout (full_adder_3)       0.00       4.15 r
  adder_inst/rca3/fa1/cin (full_adder_2)        0.00       4.15 r
  adder_inst/rca3/fa1/U1/Y (XOR2X1_RVT)         0.14       4.28 f
  adder_inst/rca3/fa1/U2/Y (XOR2X1_RVT)         0.12       4.41 r
  adder_inst/rca3/fa1/sum (full_adder_2)        0.00       4.41 r
  adder_inst/rca3/sum[1] (adder_rca4_0)         0.00       4.41 r
  adder_inst/sum[13] (adder_rca16)              0.00       4.41 r
  U97/Y (AO222X1_RVT)                           0.09       4.49 r
  Y_reg[13]/D (DFFARX1_RVT)                     0.00       4.49 r
  data arrival time                                        4.49

  clock ideal_clock1 (rise edge)                8.00       8.00
  clock network delay (ideal)                   0.00       8.00
  Y_reg[13]/CLK (DFFARX1_RVT)                   0.00       8.00 r
  library setup time                           -0.07       7.93
  data required time                                       7.93
  ----------------------------------------------------------------
  data required time                                       7.93
  data arrival time                                       -4.49
  ----------------------------------------------------------------
  slack (MET)                                              3.44


  Startpoint: opcode[2] (input port clocked by ideal_clock1)
  Endpoint: Y_reg[12] (rising edge-triggered flip-flop clocked by ideal_clock1)
  Path Group: ideal_clock1
  Path Type: max

  Des/Clust/Port     Wire Load Model       Library
  ------------------------------------------------
  alu_rca            8000                  saed32rvt_ss0p95v125c
  full_adder_15      ForQA                 saed32rvt_ss0p95v125c
  adder_rca4_3       ForQA                 saed32rvt_ss0p95v125c
  full_adder_14      ForQA                 saed32rvt_ss0p95v125c
  full_adder_13      ForQA                 saed32rvt_ss0p95v125c
  full_adder_12      ForQA                 saed32rvt_ss0p95v125c
  adder_rca16        ForQA                 saed32rvt_ss0p95v125c
  full_adder_11      ForQA                 saed32rvt_ss0p95v125c
  adder_rca4_2       ForQA                 saed32rvt_ss0p95v125c
  full_adder_10      ForQA                 saed32rvt_ss0p95v125c
  full_adder_9       ForQA                 saed32rvt_ss0p95v125c
  full_adder_8       ForQA                 saed32rvt_ss0p95v125c
  full_adder_7       ForQA                 saed32rvt_ss0p95v125c
  adder_rca4_1       ForQA                 saed32rvt_ss0p95v125c
  full_adder_6       ForQA                 saed32rvt_ss0p95v125c
  full_adder_5       ForQA                 saed32rvt_ss0p95v125c
  full_adder_4       ForQA                 saed32rvt_ss0p95v125c
  full_adder_3       ForQA                 saed32rvt_ss0p95v125c

  Point                                         Incr       Path
  ----------------------------------------------------------------
  clock ideal_clock1 (rise edge)                0.00       0.00
  clock network delay (ideal)                   0.00       0.00
  input external delay                          1.00       1.00 f
  opcode[2] (in)                                0.00       1.00 f
  U143/Y (INVX1_RVT)                            0.02       1.02 r
  U111/Y (NAND3X0_RVT)                          0.11       1.13 f
  U119/Y (INVX2_RVT)                            0.12       1.24 r
  U118/Y (XNOR2X1_RVT)                          0.15       1.39 r
  adder_inst/b[0] (adder_rca16)                 0.00       1.39 r
  adder_inst/rca0/b[0] (adder_rca4_3)           0.00       1.39 r
  adder_inst/rca0/fa0/b (full_adder_15)         0.00       1.39 r
  adder_inst/rca0/fa0/U1/Y (XOR2X1_RVT)         0.13       1.52 f
  adder_inst/rca0/fa0/U3/Y (AO22X1_RVT)         0.07       1.60 f
  adder_inst/rca0/fa0/cout (full_adder_15)      0.00       1.60 f
  adder_inst/rca0/fa1/cin (full_adder_14)       0.00       1.60 f
  adder_inst/rca0/fa1/U1/Y (XOR2X1_RVT)         0.13       1.73 r
  adder_inst/rca0/fa1/U3/Y (AO22X1_RVT)         0.08       1.81 r
  adder_inst/rca0/fa1/cout (full_adder_14)      0.00       1.81 r
  adder_inst/rca0/fa2/cin (full_adder_13)       0.00       1.81 r
  adder_inst/rca0/fa2/U1/Y (XOR2X1_RVT)         0.14       1.95 f
  adder_inst/rca0/fa2/U3/Y (AO22X1_RVT)         0.07       2.02 f
  adder_inst/rca0/fa2/cout (full_adder_13)      0.00       2.02 f
  adder_inst/rca0/fa3/cin (full_adder_12)       0.00       2.02 f
  adder_inst/rca0/fa3/U1/Y (XOR2X1_RVT)         0.13       2.16 r
  adder_inst/rca0/fa3/U3/Y (AO22X1_RVT)         0.08       2.24 r
  adder_inst/rca0/fa3/cout (full_adder_12)      0.00       2.24 r
  adder_inst/rca0/cout (adder_rca4_3)           0.00       2.24 r
  adder_inst/rca1/cin (adder_rca4_2)            0.00       2.24 r
  adder_inst/rca1/fa0/cin (full_adder_11)       0.00       2.24 r
  adder_inst/rca1/fa0/U1/Y (XOR2X1_RVT)         0.14       2.38 f
  adder_inst/rca1/fa0/U3/Y (AO22X1_RVT)         0.07       2.45 f
  adder_inst/rca1/fa0/cout (full_adder_11)      0.00       2.45 f
  adder_inst/rca1/fa1/cin (full_adder_10)       0.00       2.45 f
  adder_inst/rca1/fa1/U1/Y (XOR2X1_RVT)         0.13       2.58 r
  adder_inst/rca1/fa1/U3/Y (AO22X1_RVT)         0.08       2.67 r
  adder_inst/rca1/fa1/cout (full_adder_10)      0.00       2.67 r
  adder_inst/rca1/fa2/cin (full_adder_9)        0.00       2.67 r
  adder_inst/rca1/fa2/U1/Y (XOR2X1_RVT)         0.14       2.80 f
  adder_inst/rca1/fa2/U3/Y (AO22X1_RVT)         0.07       2.88 f
  adder_inst/rca1/fa2/cout (full_adder_9)       0.00       2.88 f
  adder_inst/rca1/fa3/cin (full_adder_8)        0.00       2.88 f
  adder_inst/rca1/fa3/U1/Y (XOR2X1_RVT)         0.13       3.01 r
  adder_inst/rca1/fa3/U3/Y (AO22X1_RVT)         0.08       3.09 r
  adder_inst/rca1/fa3/cout (full_adder_8)       0.00       3.09 r
  adder_inst/rca1/cout (adder_rca4_2)           0.00       3.09 r
  adder_inst/rca2/cin (adder_rca4_1)            0.00       3.09 r
  adder_inst/rca2/fa0/cin (full_adder_7)        0.00       3.09 r
  adder_inst/rca2/fa0/U1/Y (XOR2X1_RVT)         0.14       3.23 f
  adder_inst/rca2/fa0/U3/Y (AO22X1_RVT)         0.07       3.30 f
  adder_inst/rca2/fa0/cout (full_adder_7)       0.00       3.30 f
  adder_inst/rca2/fa1/cin (full_adder_6)        0.00       3.30 f
  adder_inst/rca2/fa1/U1/Y (XOR2X1_RVT)         0.13       3.44 r
  adder_inst/rca2/fa1/U3/Y (AO22X1_RVT)         0.08       3.52 r
  adder_inst/rca2/fa1/cout (full_adder_6)       0.00       3.52 r
  adder_inst/rca2/fa2/cin (full_adder_5)        0.00       3.52 r
  adder_inst/rca2/fa2/U1/Y (XOR2X1_RVT)         0.14       3.66 f
  adder_inst/rca2/fa2/U3/Y (AO22X1_RVT)         0.07       3.73 f
  adder_inst/rca2/fa2/cout (full_adder_5)       0.00       3.73 f
  adder_inst/rca2/fa3/cin (full_adder_4)        0.00       3.73 f
  adder_inst/rca2/fa3/U1/Y (XOR2X1_RVT)         0.13       3.86 r
  adder_inst/rca2/fa3/U3/Y (AO22X1_RVT)         0.08       3.95 r
  adder_inst/rca2/fa3/cout (full_adder_4)       0.00       3.95 r
  adder_inst/rca2/cout (adder_rca4_1)           0.00       3.95 r
  adder_inst/rca3/cin (adder_rca4_0)            0.00       3.95 r
  adder_inst/rca3/fa0/cin (full_adder_3)        0.00       3.95 r
  adder_inst/rca3/fa0/U1/Y (XOR2X1_RVT)         0.14       4.08 f
  adder_inst/rca3/fa0/U2/Y (XOR2X1_RVT)         0.12       4.21 r
  adder_inst/rca3/fa0/sum (full_adder_3)        0.00       4.21 r
  adder_inst/rca3/sum[0] (adder_rca4_0)         0.00       4.21 r
  adder_inst/sum[12] (adder_rca16)              0.00       4.21 r
  U100/Y (AO222X1_RVT)                          0.09       4.30 r
  Y_reg[12]/D (DFFARX1_RVT)                     0.00       4.30 r
  data arrival time                                        4.30

  clock ideal_clock1 (rise edge)                8.00       8.00
  clock network delay (ideal)                   0.00       8.00
  Y_reg[12]/CLK (DFFARX1_RVT)                   0.00       8.00 r
  library setup time                           -0.07       7.93
  data required time                                       7.93
  ----------------------------------------------------------------
  data required time                                       7.93
  data arrival time                                       -4.30
  ----------------------------------------------------------------
  slack (MET)                                              3.64


  Startpoint: opcode[2] (input port clocked by ideal_clock1)
  Endpoint: Y_reg[11] (rising edge-triggered flip-flop clocked by ideal_clock1)
  Path Group: ideal_clock1
  Path Type: max

  Des/Clust/Port     Wire Load Model       Library
  ------------------------------------------------
  alu_rca            8000                  saed32rvt_ss0p95v125c
  full_adder_15      ForQA                 saed32rvt_ss0p95v125c
  adder_rca4_3       ForQA                 saed32rvt_ss0p95v125c
  full_adder_14      ForQA                 saed32rvt_ss0p95v125c
  full_adder_13      ForQA                 saed32rvt_ss0p95v125c
  full_adder_12      ForQA                 saed32rvt_ss0p95v125c
  adder_rca16        ForQA                 saed32rvt_ss0p95v125c
  full_adder_11      ForQA                 saed32rvt_ss0p95v125c
  adder_rca4_2       ForQA                 saed32rvt_ss0p95v125c
  full_adder_10      ForQA                 saed32rvt_ss0p95v125c
  full_adder_9       ForQA                 saed32rvt_ss0p95v125c
  full_adder_8       ForQA                 saed32rvt_ss0p95v125c
  full_adder_7       ForQA                 saed32rvt_ss0p95v125c
  adder_rca4_1       ForQA                 saed32rvt_ss0p95v125c
  full_adder_6       ForQA                 saed32rvt_ss0p95v125c
  full_adder_5       ForQA                 saed32rvt_ss0p95v125c
  full_adder_4       ForQA                 saed32rvt_ss0p95v125c

  Point                                         Incr       Path
  ----------------------------------------------------------------
  clock ideal_clock1 (rise edge)                0.00       0.00
  clock network delay (ideal)                   0.00       0.00
  input external delay                          1.00       1.00 f
  opcode[2] (in)                                0.00       1.00 f
  U143/Y (INVX1_RVT)                            0.02       1.02 r
  U111/Y (NAND3X0_RVT)                          0.11       1.13 f
  U119/Y (INVX2_RVT)                            0.12       1.24 r
  U118/Y (XNOR2X1_RVT)                          0.14       1.38 f
  adder_inst/b[0] (adder_rca16)                 0.00       1.38 f
  adder_inst/rca0/b[0] (adder_rca4_3)           0.00       1.38 f
  adder_inst/rca0/fa0/b (full_adder_15)         0.00       1.38 f
  adder_inst/rca0/fa0/U1/Y (XOR2X1_RVT)         0.12       1.50 r
  adder_inst/rca0/fa0/U3/Y (AO22X1_RVT)         0.08       1.59 r
  adder_inst/rca0/fa0/cout (full_adder_15)      0.00       1.59 r
  adder_inst/rca0/fa1/cin (full_adder_14)       0.00       1.59 r
  adder_inst/rca0/fa1/U1/Y (XOR2X1_RVT)         0.14       1.72 f
  adder_inst/rca0/fa1/U3/Y (AO22X1_RVT)         0.07       1.80 f
  adder_inst/rca0/fa1/cout (full_adder_14)      0.00       1.80 f
  adder_inst/rca0/fa2/cin (full_adder_13)       0.00       1.80 f
  adder_inst/rca0/fa2/U1/Y (XOR2X1_RVT)         0.13       1.93 r
  adder_inst/rca0/fa2/U3/Y (AO22X1_RVT)         0.08       2.01 r
  adder_inst/rca0/fa2/cout (full_adder_13)      0.00       2.01 r
  adder_inst/rca0/fa3/cin (full_adder_12)       0.00       2.01 r
  adder_inst/rca0/fa3/U1/Y (XOR2X1_RVT)         0.14       2.15 f
  adder_inst/rca0/fa3/U3/Y (AO22X1_RVT)         0.07       2.22 f
  adder_inst/rca0/fa3/cout (full_adder_12)      0.00       2.22 f
  adder_inst/rca0/cout (adder_rca4_3)           0.00       2.22 f
  adder_inst/rca1/cin (adder_rca4_2)            0.00       2.22 f
  adder_inst/rca1/fa0/cin (full_adder_11)       0.00       2.22 f
  adder_inst/rca1/fa0/U1/Y (XOR2X1_RVT)         0.13       2.36 r
  adder_inst/rca1/fa0/U3/Y (AO22X1_RVT)         0.08       2.44 r
  adder_inst/rca1/fa0/cout (full_adder_11)      0.00       2.44 r
  adder_inst/rca1/fa1/cin (full_adder_10)       0.00       2.44 r
  adder_inst/rca1/fa1/U1/Y (XOR2X1_RVT)         0.14       2.58 f
  adder_inst/rca1/fa1/U3/Y (AO22X1_RVT)         0.07       2.65 f
  adder_inst/rca1/fa1/cout (full_adder_10)      0.00       2.65 f
  adder_inst/rca1/fa2/cin (full_adder_9)        0.00       2.65 f
  adder_inst/rca1/fa2/U1/Y (XOR2X1_RVT)         0.13       2.78 r
  adder_inst/rca1/fa2/U3/Y (AO22X1_RVT)         0.08       2.87 r
  adder_inst/rca1/fa2/cout (full_adder_9)       0.00       2.87 r
  adder_inst/rca1/fa3/cin (full_adder_8)        0.00       2.87 r
  adder_inst/rca1/fa3/U1/Y (XOR2X1_RVT)         0.14       3.00 f
  adder_inst/rca1/fa3/U3/Y (AO22X1_RVT)         0.07       3.08 f
  adder_inst/rca1/fa3/cout (full_adder_8)       0.00       3.08 f
  adder_inst/rca1/cout (adder_rca4_2)           0.00       3.08 f
  adder_inst/rca2/cin (adder_rca4_1)            0.00       3.08 f
  adder_inst/rca2/fa0/cin (full_adder_7)        0.00       3.08 f
  adder_inst/rca2/fa0/U1/Y (XOR2X1_RVT)         0.13       3.21 r
  adder_inst/rca2/fa0/U3/Y (AO22X1_RVT)         0.08       3.29 r
  adder_inst/rca2/fa0/cout (full_adder_7)       0.00       3.29 r
  adder_inst/rca2/fa1/cin (full_adder_6)        0.00       3.29 r
  adder_inst/rca2/fa1/U1/Y (XOR2X1_RVT)         0.14       3.43 f
  adder_inst/rca2/fa1/U3/Y (AO22X1_RVT)         0.07       3.50 f
  adder_inst/rca2/fa1/cout (full_adder_6)       0.00       3.50 f
  adder_inst/rca2/fa2/cin (full_adder_5)        0.00       3.50 f
  adder_inst/rca2/fa2/U1/Y (XOR2X1_RVT)         0.13       3.64 r
  adder_inst/rca2/fa2/U3/Y (AO22X1_RVT)         0.08       3.72 r
  adder_inst/rca2/fa2/cout (full_adder_5)       0.00       3.72 r
  adder_inst/rca2/fa3/cin (full_adder_4)        0.00       3.72 r
  adder_inst/rca2/fa3/U1/Y (XOR2X1_RVT)         0.14       3.85 f
  adder_inst/rca2/fa3/U2/Y (XOR2X1_RVT)         0.12       3.98 r
  adder_inst/rca2/fa3/sum (full_adder_4)        0.00       3.98 r
  adder_inst/rca2/sum[3] (adder_rca4_1)         0.00       3.98 r
  adder_inst/sum[11] (adder_rca16)              0.00       3.98 r
  U103/Y (AO222X1_RVT)                          0.09       4.07 r
  Y_reg[11]/D (DFFARX1_RVT)                     0.00       4.07 r
  data arrival time                                        4.07

  clock ideal_clock1 (rise edge)                8.00       8.00
  clock network delay (ideal)                   0.00       8.00
  Y_reg[11]/CLK (DFFARX1_RVT)                   0.00       8.00 r
  library setup time                           -0.07       7.93
  data required time                                       7.93
  ----------------------------------------------------------------
  data required time                                       7.93
  data arrival time                                       -4.07
  ----------------------------------------------------------------
  slack (MET)                                              3.86


  Startpoint: opcode[2] (input port clocked by ideal_clock1)
  Endpoint: Y_reg[10] (rising edge-triggered flip-flop clocked by ideal_clock1)
  Path Group: ideal_clock1
  Path Type: max

  Des/Clust/Port     Wire Load Model       Library
  ------------------------------------------------
  alu_rca            8000                  saed32rvt_ss0p95v125c
  full_adder_15      ForQA                 saed32rvt_ss0p95v125c
  adder_rca4_3       ForQA                 saed32rvt_ss0p95v125c
  full_adder_14      ForQA                 saed32rvt_ss0p95v125c
  full_adder_13      ForQA                 saed32rvt_ss0p95v125c
  full_adder_12      ForQA                 saed32rvt_ss0p95v125c
  adder_rca16        ForQA                 saed32rvt_ss0p95v125c
  full_adder_11      ForQA                 saed32rvt_ss0p95v125c
  adder_rca4_2       ForQA                 saed32rvt_ss0p95v125c
  full_adder_10      ForQA                 saed32rvt_ss0p95v125c
  full_adder_9       ForQA                 saed32rvt_ss0p95v125c
  full_adder_8       ForQA                 saed32rvt_ss0p95v125c
  full_adder_7       ForQA                 saed32rvt_ss0p95v125c
  adder_rca4_1       ForQA                 saed32rvt_ss0p95v125c
  full_adder_6       ForQA                 saed32rvt_ss0p95v125c
  full_adder_5       ForQA                 saed32rvt_ss0p95v125c

  Point                                         Incr       Path
  ----------------------------------------------------------------
  clock ideal_clock1 (rise edge)                0.00       0.00
  clock network delay (ideal)                   0.00       0.00
  input external delay                          1.00       1.00 f
  opcode[2] (in)                                0.00       1.00 f
  U143/Y (INVX1_RVT)                            0.02       1.02 r
  U111/Y (NAND3X0_RVT)                          0.11       1.13 f
  U119/Y (INVX2_RVT)                            0.12       1.24 r
  U118/Y (XNOR2X1_RVT)                          0.15       1.39 r
  adder_inst/b[0] (adder_rca16)                 0.00       1.39 r
  adder_inst/rca0/b[0] (adder_rca4_3)           0.00       1.39 r
  adder_inst/rca0/fa0/b (full_adder_15)         0.00       1.39 r
  adder_inst/rca0/fa0/U1/Y (XOR2X1_RVT)         0.13       1.52 f
  adder_inst/rca0/fa0/U3/Y (AO22X1_RVT)         0.07       1.60 f
  adder_inst/rca0/fa0/cout (full_adder_15)      0.00       1.60 f
  adder_inst/rca0/fa1/cin (full_adder_14)       0.00       1.60 f
  adder_inst/rca0/fa1/U1/Y (XOR2X1_RVT)         0.13       1.73 r
  adder_inst/rca0/fa1/U3/Y (AO22X1_RVT)         0.08       1.81 r
  adder_inst/rca0/fa1/cout (full_adder_14)      0.00       1.81 r
  adder_inst/rca0/fa2/cin (full_adder_13)       0.00       1.81 r
  adder_inst/rca0/fa2/U1/Y (XOR2X1_RVT)         0.14       1.95 f
  adder_inst/rca0/fa2/U3/Y (AO22X1_RVT)         0.07       2.02 f
  adder_inst/rca0/fa2/cout (full_adder_13)      0.00       2.02 f
  adder_inst/rca0/fa3/cin (full_adder_12)       0.00       2.02 f
  adder_inst/rca0/fa3/U1/Y (XOR2X1_RVT)         0.13       2.16 r
  adder_inst/rca0/fa3/U3/Y (AO22X1_RVT)         0.08       2.24 r
  adder_inst/rca0/fa3/cout (full_adder_12)      0.00       2.24 r
  adder_inst/rca0/cout (adder_rca4_3)           0.00       2.24 r
  adder_inst/rca1/cin (adder_rca4_2)            0.00       2.24 r
  adder_inst/rca1/fa0/cin (full_adder_11)       0.00       2.24 r
  adder_inst/rca1/fa0/U1/Y (XOR2X1_RVT)         0.14       2.38 f
  adder_inst/rca1/fa0/U3/Y (AO22X1_RVT)         0.07       2.45 f
  adder_inst/rca1/fa0/cout (full_adder_11)      0.00       2.45 f
  adder_inst/rca1/fa1/cin (full_adder_10)       0.00       2.45 f
  adder_inst/rca1/fa1/U1/Y (XOR2X1_RVT)         0.13       2.58 r
  adder_inst/rca1/fa1/U3/Y (AO22X1_RVT)         0.08       2.67 r
  adder_inst/rca1/fa1/cout (full_adder_10)      0.00       2.67 r
  adder_inst/rca1/fa2/cin (full_adder_9)        0.00       2.67 r
  adder_inst/rca1/fa2/U1/Y (XOR2X1_RVT)         0.14       2.80 f
  adder_inst/rca1/fa2/U3/Y (AO22X1_RVT)         0.07       2.88 f
  adder_inst/rca1/fa2/cout (full_adder_9)       0.00       2.88 f
  adder_inst/rca1/fa3/cin (full_adder_8)        0.00       2.88 f
  adder_inst/rca1/fa3/U1/Y (XOR2X1_RVT)         0.13       3.01 r
  adder_inst/rca1/fa3/U3/Y (AO22X1_RVT)         0.08       3.09 r
  adder_inst/rca1/fa3/cout (full_adder_8)       0.00       3.09 r
  adder_inst/rca1/cout (adder_rca4_2)           0.00       3.09 r
  adder_inst/rca2/cin (adder_rca4_1)            0.00       3.09 r
  adder_inst/rca2/fa0/cin (full_adder_7)        0.00       3.09 r
  adder_inst/rca2/fa0/U1/Y (XOR2X1_RVT)         0.14       3.23 f
  adder_inst/rca2/fa0/U3/Y (AO22X1_RVT)         0.07       3.30 f
  adder_inst/rca2/fa0/cout (full_adder_7)       0.00       3.30 f
  adder_inst/rca2/fa1/cin (full_adder_6)        0.00       3.30 f
  adder_inst/rca2/fa1/U1/Y (XOR2X1_RVT)         0.13       3.44 r
  adder_inst/rca2/fa1/U3/Y (AO22X1_RVT)         0.08       3.52 r
  adder_inst/rca2/fa1/cout (full_adder_6)       0.00       3.52 r
  adder_inst/rca2/fa2/cin (full_adder_5)        0.00       3.52 r
  adder_inst/rca2/fa2/U1/Y (XOR2X1_RVT)         0.14       3.66 f
  adder_inst/rca2/fa2/U2/Y (XOR2X1_RVT)         0.12       3.78 r
  adder_inst/rca2/fa2/sum (full_adder_5)        0.00       3.78 r
  adder_inst/rca2/sum[2] (adder_rca4_1)         0.00       3.78 r
  adder_inst/sum[10] (adder_rca16)              0.00       3.78 r
  U106/Y (AO222X1_RVT)                          0.09       3.87 r
  Y_reg[10]/D (DFFARX1_RVT)                     0.00       3.87 r
  data arrival time                                        3.87

  clock ideal_clock1 (rise edge)                8.00       8.00
  clock network delay (ideal)                   0.00       8.00
  Y_reg[10]/CLK (DFFARX1_RVT)                   0.00       8.00 r
  library setup time                           -0.07       7.93
  data required time                                       7.93
  ----------------------------------------------------------------
  data required time                                       7.93
  data arrival time                                       -3.87
  ----------------------------------------------------------------
  slack (MET)                                              4.06


  Startpoint: opcode[2] (input port clocked by ideal_clock1)
  Endpoint: Y_reg[9] (rising edge-triggered flip-flop clocked by ideal_clock1)
  Path Group: ideal_clock1
  Path Type: max

  Des/Clust/Port     Wire Load Model       Library
  ------------------------------------------------
  alu_rca            8000                  saed32rvt_ss0p95v125c
  full_adder_15      ForQA                 saed32rvt_ss0p95v125c
  adder_rca4_3       ForQA                 saed32rvt_ss0p95v125c
  full_adder_14      ForQA                 saed32rvt_ss0p95v125c
  full_adder_13      ForQA                 saed32rvt_ss0p95v125c
  full_adder_12      ForQA                 saed32rvt_ss0p95v125c
  adder_rca16        ForQA                 saed32rvt_ss0p95v125c
  full_adder_11      ForQA                 saed32rvt_ss0p95v125c
  adder_rca4_2       ForQA                 saed32rvt_ss0p95v125c
  full_adder_10      ForQA                 saed32rvt_ss0p95v125c
  full_adder_9       ForQA                 saed32rvt_ss0p95v125c
  full_adder_8       ForQA                 saed32rvt_ss0p95v125c
  full_adder_7       ForQA                 saed32rvt_ss0p95v125c
  adder_rca4_1       ForQA                 saed32rvt_ss0p95v125c
  full_adder_6       ForQA                 saed32rvt_ss0p95v125c

  Point                                         Incr       Path
  ----------------------------------------------------------------
  clock ideal_clock1 (rise edge)                0.00       0.00
  clock network delay (ideal)                   0.00       0.00
  input external delay                          1.00       1.00 f
  opcode[2] (in)                                0.00       1.00 f
  U143/Y (INVX1_RVT)                            0.02       1.02 r
  U111/Y (NAND3X0_RVT)                          0.11       1.13 f
  U119/Y (INVX2_RVT)                            0.12       1.24 r
  U118/Y (XNOR2X1_RVT)                          0.14       1.38 f
  adder_inst/b[0] (adder_rca16)                 0.00       1.38 f
  adder_inst/rca0/b[0] (adder_rca4_3)           0.00       1.38 f
  adder_inst/rca0/fa0/b (full_adder_15)         0.00       1.38 f
  adder_inst/rca0/fa0/U1/Y (XOR2X1_RVT)         0.12       1.50 r
  adder_inst/rca0/fa0/U3/Y (AO22X1_RVT)         0.08       1.59 r
  adder_inst/rca0/fa0/cout (full_adder_15)      0.00       1.59 r
  adder_inst/rca0/fa1/cin (full_adder_14)       0.00       1.59 r
  adder_inst/rca0/fa1/U1/Y (XOR2X1_RVT)         0.14       1.72 f
  adder_inst/rca0/fa1/U3/Y (AO22X1_RVT)         0.07       1.80 f
  adder_inst/rca0/fa1/cout (full_adder_14)      0.00       1.80 f
  adder_inst/rca0/fa2/cin (full_adder_13)       0.00       1.80 f
  adder_inst/rca0/fa2/U1/Y (XOR2X1_RVT)         0.13       1.93 r
  adder_inst/rca0/fa2/U3/Y (AO22X1_RVT)         0.08       2.01 r
  adder_inst/rca0/fa2/cout (full_adder_13)      0.00       2.01 r
  adder_inst/rca0/fa3/cin (full_adder_12)       0.00       2.01 r
  adder_inst/rca0/fa3/U1/Y (XOR2X1_RVT)         0.14       2.15 f
  adder_inst/rca0/fa3/U3/Y (AO22X1_RVT)         0.07       2.22 f
  adder_inst/rca0/fa3/cout (full_adder_12)      0.00       2.22 f
  adder_inst/rca0/cout (adder_rca4_3)           0.00       2.22 f
  adder_inst/rca1/cin (adder_rca4_2)            0.00       2.22 f
  adder_inst/rca1/fa0/cin (full_adder_11)       0.00       2.22 f
  adder_inst/rca1/fa0/U1/Y (XOR2X1_RVT)         0.13       2.36 r
  adder_inst/rca1/fa0/U3/Y (AO22X1_RVT)         0.08       2.44 r
  adder_inst/rca1/fa0/cout (full_adder_11)      0.00       2.44 r
  adder_inst/rca1/fa1/cin (full_adder_10)       0.00       2.44 r
  adder_inst/rca1/fa1/U1/Y (XOR2X1_RVT)         0.14       2.58 f
  adder_inst/rca1/fa1/U3/Y (AO22X1_RVT)         0.07       2.65 f
  adder_inst/rca1/fa1/cout (full_adder_10)      0.00       2.65 f
  adder_inst/rca1/fa2/cin (full_adder_9)        0.00       2.65 f
  adder_inst/rca1/fa2/U1/Y (XOR2X1_RVT)         0.13       2.78 r
  adder_inst/rca1/fa2/U3/Y (AO22X1_RVT)         0.08       2.87 r
  adder_inst/rca1/fa2/cout (full_adder_9)       0.00       2.87 r
  adder_inst/rca1/fa3/cin (full_adder_8)        0.00       2.87 r
  adder_inst/rca1/fa3/U1/Y (XOR2X1_RVT)         0.14       3.00 f
  adder_inst/rca1/fa3/U3/Y (AO22X1_RVT)         0.07       3.08 f
  adder_inst/rca1/fa3/cout (full_adder_8)       0.00       3.08 f
  adder_inst/rca1/cout (adder_rca4_2)           0.00       3.08 f
  adder_inst/rca2/cin (adder_rca4_1)            0.00       3.08 f
  adder_inst/rca2/fa0/cin (full_adder_7)        0.00       3.08 f
  adder_inst/rca2/fa0/U1/Y (XOR2X1_RVT)         0.13       3.21 r
  adder_inst/rca2/fa0/U3/Y (AO22X1_RVT)         0.08       3.29 r
  adder_inst/rca2/fa0/cout (full_adder_7)       0.00       3.29 r
  adder_inst/rca2/fa1/cin (full_adder_6)        0.00       3.29 r
  adder_inst/rca2/fa1/U1/Y (XOR2X1_RVT)         0.14       3.43 f
  adder_inst/rca2/fa1/U2/Y (XOR2X1_RVT)         0.12       3.55 r
  adder_inst/rca2/fa1/sum (full_adder_6)        0.00       3.55 r
  adder_inst/rca2/sum[1] (adder_rca4_1)         0.00       3.55 r
  adder_inst/sum[9] (adder_rca16)               0.00       3.55 r
  U64/Y (AO222X1_RVT)                           0.09       3.64 r
  Y_reg[9]/D (DFFARX1_RVT)                      0.00       3.64 r
  data arrival time                                        3.64

  clock ideal_clock1 (rise edge)                8.00       8.00
  clock network delay (ideal)                   0.00       8.00
  Y_reg[9]/CLK (DFFARX1_RVT)                    0.00       8.00 r
  library setup time                           -0.07       7.93
  data required time                                       7.93
  ----------------------------------------------------------------
  data required time                                       7.93
  data arrival time                                       -3.64
  ----------------------------------------------------------------
  slack (MET)                                              4.29


1
