 
****************************************
Report : timing
        -path full
        -delay max
        -max_paths 10
Design : alu_rca
Version: T-2022.03-SP5-4
Date   : Wed Jun 10 17:53:49 2026
****************************************

Operating Conditions: ss0p95v125c   Library: saed32rvt_ss0p95v125c
Wire Load Model Mode: enclosed

  Startpoint: opcode[2] (input port clocked by ideal_clock1)
  Endpoint: zero_flag_reg
            (rising edge-triggered flip-flop clocked by ideal_clock1)
  Path Group: ideal_clock1
  Path Type: max

  Des/Clust/Port     Wire Load Model       Library
  ------------------------------------------------
  alu_rca            8000                  saed32rvt_ss0p95v125c
  full_adder_15      ForQA                 saed32rvt_ss0p95v125c
  adder_rca4_3       ForQA                 saed32rvt_ss0p95v125c
  full_adder_14      ForQA                 saed32rvt_ss0p95v125c
  full_adder_13      ForQA                 saed32rvt_ss0p95v125c
  full_adder_12      ForQA                 saed32rvt_ss0p95v125c
  adder_rca16        ForQA                 saed32rvt_ss0p95v125c
  full_adder_11      ForQA                 saed32rvt_ss0p95v125c
  adder_rca4_2       ForQA                 saed32rvt_ss0p95v125c
  full_adder_10      ForQA                 saed32rvt_ss0p95v125c
  full_adder_9       ForQA                 saed32rvt_ss0p95v125c
  full_adder_8       ForQA                 saed32rvt_ss0p95v125c
  full_adder_7       ForQA                 saed32rvt_ss0p95v125c
  adder_rca4_1       ForQA                 saed32rvt_ss0p95v125c
  full_adder_6       ForQA                 saed32rvt_ss0p95v125c
  full_adder_5       ForQA                 saed32rvt_ss0p95v125c
  full_adder_4       ForQA                 saed32rvt_ss0p95v125c
  full_adder_3       ForQA                 saed32rvt_ss0p95v125c
  adder_rca4_0       ForQA                 saed32rvt_ss0p95v125c
  full_adder_2       ForQA                 saed32rvt_ss0p95v125c
  full_adder_1       ForQA                 saed32rvt_ss0p95v125c
  full_adder_0       ForQA                 saed32rvt_ss0p95v125c

  Point                                         Incr       Path
  ----------------------------------------------------------------
  clock ideal_clock1 (rise edge)                0.00       0.00
  clock network delay (ideal)                   0.00       0.00
  input external delay                          1.00       1.00 r
  opcode[2] (in)                                0.00       1.00 r
  U119/Y (INVX1_RVT)                            0.03       1.03 f
  U121/Y (AND3X1_RVT)                           0.07       1.10 f
  U118/Y (XNOR2X2_RVT)                          0.11       1.21 r
  adder_inst/b[0] (adder_rca16)                 0.00       1.21 r
  adder_inst/rca0/b[0] (adder_rca4_3)           0.00       1.21 r
  adder_inst/rca0/fa0/b (full_adder_15)         0.00       1.21 r
  adder_inst/rca0/fa0/U1/Y (XOR2X1_RVT)         0.13       1.33 f
  adder_inst/rca0/fa0/U3/Y (AO22X1_RVT)         0.07       1.41 f
  adder_inst/rca0/fa0/cout (full_adder_15)      0.00       1.41 f
  adder_inst/rca0/fa1/cin (full_adder_14)       0.00       1.41 f
  adder_inst/rca0/fa1/U1/Y (XOR2X1_RVT)         0.13       1.54 r
  adder_inst/rca0/fa1/U3/Y (AO22X1_RVT)         0.08       1.63 r
  adder_inst/rca0/fa1/cout (full_adder_14)      0.00       1.63 r
  adder_inst/rca0/fa2/cin (full_adder_13)       0.00       1.63 r
  adder_inst/rca0/fa2/U1/Y (XOR2X1_RVT)         0.14       1.76 f
  adder_inst/rca0/fa2/U3/Y (AO22X1_RVT)         0.07       1.83 f
  adder_inst/rca0/fa2/cout (full_adder_13)      0.00       1.83 f
  adder_inst/rca0/fa3/cin (full_adder_12)       0.00       1.83 f
  adder_inst/rca0/fa3/U1/Y (XOR2X1_RVT)         0.13       1.97 r
  adder_inst/rca0/fa3/U3/Y (AO22X1_RVT)         0.08       2.05 r
  adder_inst/rca0/fa3/cout (full_adder_12)      0.00       2.05 r
  adder_inst/rca0/cout (adder_rca4_3)           0.00       2.05 r
  adder_inst/rca1/cin (adder_rca4_2)            0.00       2.05 r
  adder_inst/rca1/fa0/cin (full_adder_11)       0.00       2.05 r
  adder_inst/rca1/fa0/U1/Y (XOR2X1_RVT)         0.14       2.19 f
  adder_inst/rca1/fa0/U3/Y (AO22X1_RVT)         0.07       2.26 f
  adder_inst/rca1/fa0/cout (full_adder_11)      0.00       2.26 f
  adder_inst/rca1/fa1/cin (full_adder_10)       0.00       2.26 f
  adder_inst/rca1/fa1/U1/Y (XOR2X1_RVT)         0.13       2.39 r
  adder_inst/rca1/fa1/U3/Y (AO22X1_RVT)         0.08       2.48 r
  adder_inst/rca1/fa1/cout (full_adder_10)      0.00       2.48 r
  adder_inst/rca1/fa2/cin (full_adder_9)        0.00       2.48 r
  adder_inst/rca1/fa2/U1/Y (XOR2X1_RVT)         0.14       2.61 f
  adder_inst/rca1/fa2/U3/Y (AO22X1_RVT)         0.07       2.69 f
  adder_inst/rca1/fa2/cout (full_adder_9)       0.00       2.69 f
  adder_inst/rca1/fa3/cin (full_adder_8)        0.00       2.69 f
  adder_inst/rca1/fa3/U1/Y (XOR2X1_RVT)         0.13       2.82 r
  adder_inst/rca1/fa3/U3/Y (AO22X1_RVT)         0.08       2.90 r
  adder_inst/rca1/fa3/cout (full_adder_8)       0.00       2.90 r
  adder_inst/rca1/cout (adder_rca4_2)           0.00       2.90 r
  adder_inst/rca2/cin (adder_rca4_1)            0.00       2.90 r
  adder_inst/rca2/fa0/cin (full_adder_7)        0.00       2.90 r
  adder_inst/rca2/fa0/U1/Y (XOR2X1_RVT)         0.14       3.04 f
  adder_inst/rca2/fa0/U3/Y (AO22X1_RVT)         0.07       3.11 f
  adder_inst/rca2/fa0/cout (full_adder_7)       0.00       3.11 f
  adder_inst/rca2/fa1/cin (full_adder_6)        0.00       3.11 f
  adder_inst/rca2/fa1/U1/Y (XOR2X1_RVT)         0.13       3.25 r
  adder_inst/rca2/fa1/U3/Y (AO22X1_RVT)         0.08       3.33 r
  adder_inst/rca2/fa1/cout (full_adder_6)       0.00       3.33 r
  adder_inst/rca2/fa2/cin (full_adder_5)        0.00       3.33 r
  adder_inst/rca2/fa2/U1/Y (XOR2X1_RVT)         0.14       3.47 f
  adder_inst/rca2/fa2/U3/Y (AO22X1_RVT)         0.07       3.54 f
  adder_inst/rca2/fa2/cout (full_adder_5)       0.00       3.54 f
  adder_inst/rca2/fa3/cin (full_adder_4)        0.00       3.54 f
  adder_inst/rca2/fa3/U1/Y (XOR2X1_RVT)         0.13       3.67 r
  adder_inst/rca2/fa3/U3/Y (AO22X1_RVT)         0.08       3.76 r
  adder_inst/rca2/fa3/cout (full_adder_4)       0.00       3.76 r
  adder_inst/rca2/cout (adder_rca4_1)           0.00       3.76 r
  adder_inst/rca3/cin (adder_rca4_0)            0.00       3.76 r
  adder_inst/rca3/fa0/cin (full_adder_3)        0.00       3.76 r
  adder_inst/rca3/fa0/U1/Y (XOR2X1_RVT)         0.14       3.89 f
  adder_inst/rca3/fa0/U3/Y (AO22X1_RVT)         0.07       3.97 f
  adder_inst/rca3/fa0/cout (full_adder_3)       0.00       3.97 f
  adder_inst/rca3/fa1/cin (full_adder_2)        0.00       3.97 f
  adder_inst/rca3/fa1/U1/Y (XOR2X1_RVT)         0.13       4.10 r
  adder_inst/rca3/fa1/U3/Y (AO22X1_RVT)         0.08       4.18 r
  adder_inst/rca3/fa1/cout (full_adder_2)       0.00       4.18 r
  adder_inst/rca3/fa2/cin (full_adder_1)        0.00       4.18 r
  adder_inst/rca3/fa2/U1/Y (XOR2X1_RVT)         0.14       4.32 f
  adder_inst/rca3/fa2/U3/Y (AO22X1_RVT)         0.08       4.39 f
  adder_inst/rca3/fa2/cout (full_adder_1)       0.00       4.39 f
  adder_inst/rca3/fa3/cin (full_adder_0)        0.00       4.39 f
  adder_inst/rca3/fa3/U2/Y (XOR2X2_RVT)         0.11       4.50 r
  adder_inst/rca3/fa3/U1/Y (XOR2X2_RVT)         0.11       4.61 f
  adder_inst/rca3/fa3/sum (full_adder_0)        0.00       4.61 f
  adder_inst/rca3/sum[3] (adder_rca4_0)         0.00       4.61 f
  adder_inst/sum[15] (adder_rca16)              0.00       4.61 f
  U91/Y (AO221X1_RVT)                           0.09       4.70 f
  U126/Y (OR4X1_RVT)                            0.13       4.83 f
  U4/Y (NOR4X1_RVT)                             0.10       4.93 r
  zero_flag_reg/D (DFFARX1_RVT)                 0.00       4.93 r
  data arrival time                                        4.93

  clock ideal_clock1 (rise edge)                5.00       5.00
  clock network delay (ideal)                   0.00       5.00
  zero_flag_reg/CLK (DFFARX1_RVT)               0.00       5.00 r
  library setup time                           -0.05       4.95
  data required time                                       4.95
  ----------------------------------------------------------------
  data required time                                       4.95
  data arrival time                                       -4.93
  ----------------------------------------------------------------
  slack (MET)                                              0.01


  Startpoint: opcode[2] (input port clocked by ideal_clock1)
  Endpoint: overflow_flag_reg
            (rising edge-triggered flip-flop clocked by ideal_clock1)
  Path Group: ideal_clock1
  Path Type: max

  Des/Clust/Port     Wire Load Model       Library
  ------------------------------------------------
  alu_rca            8000                  saed32rvt_ss0p95v125c
  full_adder_15      ForQA                 saed32rvt_ss0p95v125c
  adder_rca4_3       ForQA                 saed32rvt_ss0p95v125c
  full_adder_14      ForQA                 saed32rvt_ss0p95v125c
  full_adder_13      ForQA                 saed32rvt_ss0p95v125c
  full_adder_12      ForQA                 saed32rvt_ss0p95v125c
  adder_rca16        ForQA                 saed32rvt_ss0p95v125c
  full_adder_11      ForQA                 saed32rvt_ss0p95v125c
  adder_rca4_2       ForQA                 saed32rvt_ss0p95v125c
  full_adder_10      ForQA                 saed32rvt_ss0p95v125c
  full_adder_9       ForQA                 saed32rvt_ss0p95v125c
  full_adder_8       ForQA                 saed32rvt_ss0p95v125c
  full_adder_7       ForQA                 saed32rvt_ss0p95v125c
  adder_rca4_1       ForQA                 saed32rvt_ss0p95v125c
  full_adder_6       ForQA                 saed32rvt_ss0p95v125c
  full_adder_5       ForQA                 saed32rvt_ss0p95v125c
  full_adder_4       ForQA                 saed32rvt_ss0p95v125c
  full_adder_3       ForQA                 saed32rvt_ss0p95v125c
  adder_rca4_0       ForQA                 saed32rvt_ss0p95v125c
  full_adder_2       ForQA                 saed32rvt_ss0p95v125c
  full_adder_1       ForQA                 saed32rvt_ss0p95v125c
  full_adder_0       ForQA                 saed32rvt_ss0p95v125c

  Point                                         Incr       Path
  ----------------------------------------------------------------
  clock ideal_clock1 (rise edge)                0.00       0.00
  clock network delay (ideal)                   0.00       0.00
  input external delay                          1.00       1.00 r
  opcode[2] (in)                                0.00       1.00 r
  U119/Y (INVX1_RVT)                            0.03       1.03 f
  U121/Y (AND3X1_RVT)                           0.07       1.10 f
  U118/Y (XNOR2X2_RVT)                          0.11       1.21 r
  adder_inst/b[0] (adder_rca16)                 0.00       1.21 r
  adder_inst/rca0/b[0] (adder_rca4_3)           0.00       1.21 r
  adder_inst/rca0/fa0/b (full_adder_15)         0.00       1.21 r
  adder_inst/rca0/fa0/U1/Y (XOR2X1_RVT)         0.13       1.33 f
  adder_inst/rca0/fa0/U3/Y (AO22X1_RVT)         0.07       1.41 f
  adder_inst/rca0/fa0/cout (full_adder_15)      0.00       1.41 f
  adder_inst/rca0/fa1/cin (full_adder_14)       0.00       1.41 f
  adder_inst/rca0/fa1/U1/Y (XOR2X1_RVT)         0.13       1.54 r
  adder_inst/rca0/fa1/U3/Y (AO22X1_RVT)         0.08       1.63 r
  adder_inst/rca0/fa1/cout (full_adder_14)      0.00       1.63 r
  adder_inst/rca0/fa2/cin (full_adder_13)       0.00       1.63 r
  adder_inst/rca0/fa2/U1/Y (XOR2X1_RVT)         0.14       1.76 f
  adder_inst/rca0/fa2/U3/Y (AO22X1_RVT)         0.07       1.83 f
  adder_inst/rca0/fa2/cout (full_adder_13)      0.00       1.83 f
  adder_inst/rca0/fa3/cin (full_adder_12)       0.00       1.83 f
  adder_inst/rca0/fa3/U1/Y (XOR2X1_RVT)         0.13       1.97 r
  adder_inst/rca0/fa3/U3/Y (AO22X1_RVT)         0.08       2.05 r
  adder_inst/rca0/fa3/cout (full_adder_12)      0.00       2.05 r
  adder_inst/rca0/cout (adder_rca4_3)           0.00       2.05 r
  adder_inst/rca1/cin (adder_rca4_2)            0.00       2.05 r
  adder_inst/rca1/fa0/cin (full_adder_11)       0.00       2.05 r
  adder_inst/rca1/fa0/U1/Y (XOR2X1_RVT)         0.14       2.19 f
  adder_inst/rca1/fa0/U3/Y (AO22X1_RVT)         0.07       2.26 f
  adder_inst/rca1/fa0/cout (full_adder_11)      0.00       2.26 f
  adder_inst/rca1/fa1/cin (full_adder_10)       0.00       2.26 f
  adder_inst/rca1/fa1/U1/Y (XOR2X1_RVT)         0.13       2.39 r
  adder_inst/rca1/fa1/U3/Y (AO22X1_RVT)         0.08       2.48 r
  adder_inst/rca1/fa1/cout (full_adder_10)      0.00       2.48 r
  adder_inst/rca1/fa2/cin (full_adder_9)        0.00       2.48 r
  adder_inst/rca1/fa2/U1/Y (XOR2X1_RVT)         0.14       2.61 f
  adder_inst/rca1/fa2/U3/Y (AO22X1_RVT)         0.07       2.69 f
  adder_inst/rca1/fa2/cout (full_adder_9)       0.00       2.69 f
  adder_inst/rca1/fa3/cin (full_adder_8)        0.00       2.69 f
  adder_inst/rca1/fa3/U1/Y (XOR2X1_RVT)         0.13       2.82 r
  adder_inst/rca1/fa3/U3/Y (AO22X1_RVT)         0.08       2.90 r
  adder_inst/rca1/fa3/cout (full_adder_8)       0.00       2.90 r
  adder_inst/rca1/cout (adder_rca4_2)           0.00       2.90 r
  adder_inst/rca2/cin (adder_rca4_1)            0.00       2.90 r
  adder_inst/rca2/fa0/cin (full_adder_7)        0.00       2.90 r
  adder_inst/rca2/fa0/U1/Y (XOR2X1_RVT)         0.14       3.04 f
  adder_inst/rca2/fa0/U3/Y (AO22X1_RVT)         0.07       3.11 f
  adder_inst/rca2/fa0/cout (full_adder_7)       0.00       3.11 f
  adder_inst/rca2/fa1/cin (full_adder_6)        0.00       3.11 f
  adder_inst/rca2/fa1/U1/Y (XOR2X1_RVT)         0.13       3.25 r
  adder_inst/rca2/fa1/U3/Y (AO22X1_RVT)         0.08       3.33 r
  adder_inst/rca2/fa1/cout (full_adder_6)       0.00       3.33 r
  adder_inst/rca2/fa2/cin (full_adder_5)        0.00       3.33 r
  adder_inst/rca2/fa2/U1/Y (XOR2X1_RVT)         0.14       3.47 f
  adder_inst/rca2/fa2/U3/Y (AO22X1_RVT)         0.07       3.54 f
  adder_inst/rca2/fa2/cout (full_adder_5)       0.00       3.54 f
  adder_inst/rca2/fa3/cin (full_adder_4)        0.00       3.54 f
  adder_inst/rca2/fa3/U1/Y (XOR2X1_RVT)         0.13       3.67 r
  adder_inst/rca2/fa3/U3/Y (AO22X1_RVT)         0.08       3.76 r
  adder_inst/rca2/fa3/cout (full_adder_4)       0.00       3.76 r
  adder_inst/rca2/cout (adder_rca4_1)           0.00       3.76 r
  adder_inst/rca3/cin (adder_rca4_0)            0.00       3.76 r
  adder_inst/rca3/fa0/cin (full_adder_3)        0.00       3.76 r
  adder_inst/rca3/fa0/U1/Y (XOR2X1_RVT)         0.14       3.89 f
  adder_inst/rca3/fa0/U3/Y (AO22X1_RVT)         0.07       3.97 f
  adder_inst/rca3/fa0/cout (full_adder_3)       0.00       3.97 f
  adder_inst/rca3/fa1/cin (full_adder_2)        0.00       3.97 f
  adder_inst/rca3/fa1/U1/Y (XOR2X1_RVT)         0.13       4.10 r
  adder_inst/rca3/fa1/U3/Y (AO22X1_RVT)         0.08       4.18 r
  adder_inst/rca3/fa1/cout (full_adder_2)       0.00       4.18 r
  adder_inst/rca3/fa2/cin (full_adder_1)        0.00       4.18 r
  adder_inst/rca3/fa2/U1/Y (XOR2X1_RVT)         0.14       4.32 f
  adder_inst/rca3/fa2/U3/Y (AO22X1_RVT)         0.08       4.39 f
  adder_inst/rca3/fa2/cout (full_adder_1)       0.00       4.39 f
  adder_inst/rca3/fa3/cin (full_adder_0)        0.00       4.39 f
  adder_inst/rca3/fa3/U2/Y (XOR2X2_RVT)         0.11       4.50 r
  adder_inst/rca3/fa3/U1/Y (XOR2X2_RVT)         0.11       4.61 f
  adder_inst/rca3/fa3/sum (full_adder_0)        0.00       4.61 f
  adder_inst/rca3/sum[3] (adder_rca4_0)         0.00       4.61 f
  adder_inst/sum[15] (adder_rca16)              0.00       4.61 f
  U146/Y (XOR2X1_RVT)                           0.11       4.72 r
  U61/Y (AND2X1_RVT)                            0.05       4.77 r
  overflow_flag_reg/D (DFFARX1_RVT)             0.00       4.77 r
  data arrival time                                        4.77

  clock ideal_clock1 (rise edge)                5.00       5.00
  clock network delay (ideal)                   0.00       5.00
  overflow_flag_reg/CLK (DFFARX1_RVT)           0.00       5.00 r
  library setup time                           -0.05       4.95
  data required time                                       4.95
  ----------------------------------------------------------------
  data required time                                       4.95
  data arrival time                                       -4.77
  ----------------------------------------------------------------
  slack (MET)                                              0.18


  Startpoint: opcode[2] (input port clocked by ideal_clock1)
  Endpoint: Y_reg[15] (rising edge-triggered flip-flop clocked by ideal_clock1)
  Path Group: ideal_clock1
  Path Type: max

  Des/Clust/Port     Wire Load Model       Library
  ------------------------------------------------
  alu_rca            8000                  saed32rvt_ss0p95v125c
  full_adder_15      ForQA                 saed32rvt_ss0p95v125c
  adder_rca4_3       ForQA                 saed32rvt_ss0p95v125c
  full_adder_14      ForQA                 saed32rvt_ss0p95v125c
  full_adder_13      ForQA                 saed32rvt_ss0p95v125c
  full_adder_12      ForQA                 saed32rvt_ss0p95v125c
  adder_rca16        ForQA                 saed32rvt_ss0p95v125c
  full_adder_11      ForQA                 saed32rvt_ss0p95v125c
  adder_rca4_2       ForQA                 saed32rvt_ss0p95v125c
  full_adder_10      ForQA                 saed32rvt_ss0p95v125c
  full_adder_9       ForQA                 saed32rvt_ss0p95v125c
  full_adder_8       ForQA                 saed32rvt_ss0p95v125c
  full_adder_7       ForQA                 saed32rvt_ss0p95v125c
  adder_rca4_1       ForQA                 saed32rvt_ss0p95v125c
  full_adder_6       ForQA                 saed32rvt_ss0p95v125c
  full_adder_5       ForQA                 saed32rvt_ss0p95v125c
  full_adder_4       ForQA                 saed32rvt_ss0p95v125c
  full_adder_3       ForQA                 saed32rvt_ss0p95v125c
  adder_rca4_0       ForQA                 saed32rvt_ss0p95v125c
  full_adder_2       ForQA                 saed32rvt_ss0p95v125c
  full_adder_1       ForQA                 saed32rvt_ss0p95v125c
  full_adder_0       ForQA                 saed32rvt_ss0p95v125c

  Point                                         Incr       Path
  ----------------------------------------------------------------
  clock ideal_clock1 (rise edge)                0.00       0.00
  clock network delay (ideal)                   0.00       0.00
  input external delay                          1.00       1.00 r
  opcode[2] (in)                                0.00       1.00 r
  U119/Y (INVX1_RVT)                            0.03       1.03 f
  U120/Y (AND3X2_RVT)                           0.14       1.16 f
  adder_inst/cin (adder_rca16)                  0.00       1.16 f
  adder_inst/rca0/cin (adder_rca4_3)            0.00       1.16 f
  adder_inst/rca0/fa0/cin (full_adder_15)       0.00       1.16 f
  adder_inst/rca0/fa0/U1/Y (XOR2X1_RVT)         0.16       1.32 r
  adder_inst/rca0/fa0/U3/Y (AO22X1_RVT)         0.08       1.40 r
  adder_inst/rca0/fa0/cout (full_adder_15)      0.00       1.40 r
  adder_inst/rca0/fa1/cin (full_adder_14)       0.00       1.40 r
  adder_inst/rca0/fa1/U1/Y (XOR2X1_RVT)         0.14       1.54 f
  adder_inst/rca0/fa1/U3/Y (AO22X1_RVT)         0.07       1.61 f
  adder_inst/rca0/fa1/cout (full_adder_14)      0.00       1.61 f
  adder_inst/rca0/fa2/cin (full_adder_13)       0.00       1.61 f
  adder_inst/rca0/fa2/U1/Y (XOR2X1_RVT)         0.13       1.75 r
  adder_inst/rca0/fa2/U3/Y (AO22X1_RVT)         0.08       1.83 r
  adder_inst/rca0/fa2/cout (full_adder_13)      0.00       1.83 r
  adder_inst/rca0/fa3/cin (full_adder_12)       0.00       1.83 r
  adder_inst/rca0/fa3/U1/Y (XOR2X1_RVT)         0.14       1.96 f
  adder_inst/rca0/fa3/U3/Y (AO22X1_RVT)         0.07       2.04 f
  adder_inst/rca0/fa3/cout (full_adder_12)      0.00       2.04 f
  adder_inst/rca0/cout (adder_rca4_3)           0.00       2.04 f
  adder_inst/rca1/cin (adder_rca4_2)            0.00       2.04 f
  adder_inst/rca1/fa0/cin (full_adder_11)       0.00       2.04 f
  adder_inst/rca1/fa0/U1/Y (XOR2X1_RVT)         0.13       2.17 r
  adder_inst/rca1/fa0/U3/Y (AO22X1_RVT)         0.08       2.26 r
  adder_inst/rca1/fa0/cout (full_adder_11)      0.00       2.26 r
  adder_inst/rca1/fa1/cin (full_adder_10)       0.00       2.26 r
  adder_inst/rca1/fa1/U1/Y (XOR2X1_RVT)         0.14       2.39 f
  adder_inst/rca1/fa1/U3/Y (AO22X1_RVT)         0.07       2.46 f
  adder_inst/rca1/fa1/cout (full_adder_10)      0.00       2.46 f
  adder_inst/rca1/fa2/cin (full_adder_9)        0.00       2.46 f
  adder_inst/rca1/fa2/U1/Y (XOR2X1_RVT)         0.13       2.60 r
  adder_inst/rca1/fa2/U3/Y (AO22X1_RVT)         0.08       2.68 r
  adder_inst/rca1/fa2/cout (full_adder_9)       0.00       2.68 r
  adder_inst/rca1/fa3/cin (full_adder_8)        0.00       2.68 r
  adder_inst/rca1/fa3/U1/Y (XOR2X1_RVT)         0.14       2.82 f
  adder_inst/rca1/fa3/U3/Y (AO22X1_RVT)         0.07       2.89 f
  adder_inst/rca1/fa3/cout (full_adder_8)       0.00       2.89 f
  adder_inst/rca1/cout (adder_rca4_2)           0.00       2.89 f
  adder_inst/rca2/cin (adder_rca4_1)            0.00       2.89 f
  adder_inst/rca2/fa0/cin (full_adder_7)        0.00       2.89 f
  adder_inst/rca2/fa0/U1/Y (XOR2X1_RVT)         0.13       3.02 r
  adder_inst/rca2/fa0/U3/Y (AO22X1_RVT)         0.08       3.11 r
  adder_inst/rca2/fa0/cout (full_adder_7)       0.00       3.11 r
  adder_inst/rca2/fa1/cin (full_adder_6)        0.00       3.11 r
  adder_inst/rca2/fa1/U1/Y (XOR2X1_RVT)         0.14       3.24 f
  adder_inst/rca2/fa1/U3/Y (AO22X1_RVT)         0.07       3.32 f
  adder_inst/rca2/fa1/cout (full_adder_6)       0.00       3.32 f
  adder_inst/rca2/fa2/cin (full_adder_5)        0.00       3.32 f
  adder_inst/rca2/fa2/U1/Y (XOR2X1_RVT)         0.13       3.45 r
  adder_inst/rca2/fa2/U3/Y (AO22X1_RVT)         0.08       3.53 r
  adder_inst/rca2/fa2/cout (full_adder_5)       0.00       3.53 r
  adder_inst/rca2/fa3/cin (full_adder_4)        0.00       3.53 r
  adder_inst/rca2/fa3/U1/Y (XOR2X1_RVT)         0.14       3.67 f
  adder_inst/rca2/fa3/U3/Y (AO22X1_RVT)         0.07       3.74 f
  adder_inst/rca2/fa3/cout (full_adder_4)       0.00       3.74 f
  adder_inst/rca2/cout (adder_rca4_1)           0.00       3.74 f
  adder_inst/rca3/cin (adder_rca4_0)            0.00       3.74 f
  adder_inst/rca3/fa0/cin (full_adder_3)        0.00       3.74 f
  adder_inst/rca3/fa0/U1/Y (XOR2X1_RVT)         0.13       3.88 r
  adder_inst/rca3/fa0/U3/Y (AO22X1_RVT)         0.08       3.96 r
  adder_inst/rca3/fa0/cout (full_adder_3)       0.00       3.96 r
  adder_inst/rca3/fa1/cin (full_adder_2)        0.00       3.96 r
  adder_inst/rca3/fa1/U1/Y (XOR2X1_RVT)         0.14       4.10 f
  adder_inst/rca3/fa1/U3/Y (AO22X1_RVT)         0.07       4.17 f
  adder_inst/rca3/fa1/cout (full_adder_2)       0.00       4.17 f
  adder_inst/rca3/fa2/cin (full_adder_1)        0.00       4.17 f
  adder_inst/rca3/fa2/U1/Y (XOR2X1_RVT)         0.13       4.30 r
  adder_inst/rca3/fa2/U3/Y (AO22X1_RVT)         0.09       4.39 r
  adder_inst/rca3/fa2/cout (full_adder_1)       0.00       4.39 r
  adder_inst/rca3/fa3/cin (full_adder_0)        0.00       4.39 r
  adder_inst/rca3/fa3/U2/Y (XOR2X2_RVT)         0.11       4.50 f
  adder_inst/rca3/fa3/U1/Y (XOR2X2_RVT)         0.10       4.61 r
  adder_inst/rca3/fa3/sum (full_adder_0)        0.00       4.61 r
  adder_inst/rca3/sum[3] (adder_rca4_0)         0.00       4.61 r
  adder_inst/sum[15] (adder_rca16)              0.00       4.61 r
  U91/Y (AO221X1_RVT)                           0.09       4.70 r
  Y_reg[15]/D (DFFARX1_RVT)                     0.00       4.70 r
  data arrival time                                        4.70

  clock ideal_clock1 (rise edge)                5.00       5.00
  clock network delay (ideal)                   0.00       5.00
  Y_reg[15]/CLK (DFFARX1_RVT)                   0.00       5.00 r
  library setup time                           -0.07       4.93
  data required time                                       4.93
  ----------------------------------------------------------------
  data required time                                       4.93
  data arrival time                                       -4.70
  ----------------------------------------------------------------
  slack (MET)                                              0.24


  Startpoint: opcode[2] (input port clocked by ideal_clock1)
  Endpoint: carry_out_reg
            (rising edge-triggered flip-flop clocked by ideal_clock1)
  Path Group: ideal_clock1
  Path Type: max

  Des/Clust/Port     Wire Load Model       Library
  ------------------------------------------------
  alu_rca            8000                  saed32rvt_ss0p95v125c
  full_adder_15      ForQA                 saed32rvt_ss0p95v125c
  adder_rca4_3       ForQA                 saed32rvt_ss0p95v125c
  full_adder_14      ForQA                 saed32rvt_ss0p95v125c
  full_adder_13      ForQA                 saed32rvt_ss0p95v125c
  full_adder_12      ForQA                 saed32rvt_ss0p95v125c
  adder_rca16        ForQA                 saed32rvt_ss0p95v125c
  full_adder_11      ForQA                 saed32rvt_ss0p95v125c
  adder_rca4_2       ForQA                 saed32rvt_ss0p95v125c
  full_adder_10      ForQA                 saed32rvt_ss0p95v125c
  full_adder_9       ForQA                 saed32rvt_ss0p95v125c
  full_adder_8       ForQA                 saed32rvt_ss0p95v125c
  full_adder_7       ForQA                 saed32rvt_ss0p95v125c
  adder_rca4_1       ForQA                 saed32rvt_ss0p95v125c
  full_adder_6       ForQA                 saed32rvt_ss0p95v125c
  full_adder_5       ForQA                 saed32rvt_ss0p95v125c
  full_adder_4       ForQA                 saed32rvt_ss0p95v125c
  full_adder_3       ForQA                 saed32rvt_ss0p95v125c
  adder_rca4_0       ForQA                 saed32rvt_ss0p95v125c
  full_adder_2       ForQA                 saed32rvt_ss0p95v125c
  full_adder_1       ForQA                 saed32rvt_ss0p95v125c
  full_adder_0       ForQA                 saed32rvt_ss0p95v125c

  Point                                         Incr       Path
  ----------------------------------------------------------------
  clock ideal_clock1 (rise edge)                0.00       0.00
  clock network delay (ideal)                   0.00       0.00
  input external delay                          1.00       1.00 r
  opcode[2] (in)                                0.00       1.00 r
  U119/Y (INVX1_RVT)                            0.03       1.03 f
  U121/Y (AND3X1_RVT)                           0.07       1.10 f
  U118/Y (XNOR2X2_RVT)                          0.11       1.21 r
  adder_inst/b[0] (adder_rca16)                 0.00       1.21 r
  adder_inst/rca0/b[0] (adder_rca4_3)           0.00       1.21 r
  adder_inst/rca0/fa0/b (full_adder_15)         0.00       1.21 r
  adder_inst/rca0/fa0/U1/Y (XOR2X1_RVT)         0.13       1.33 f
  adder_inst/rca0/fa0/U3/Y (AO22X1_RVT)         0.07       1.41 f
  adder_inst/rca0/fa0/cout (full_adder_15)      0.00       1.41 f
  adder_inst/rca0/fa1/cin (full_adder_14)       0.00       1.41 f
  adder_inst/rca0/fa1/U1/Y (XOR2X1_RVT)         0.13       1.54 r
  adder_inst/rca0/fa1/U3/Y (AO22X1_RVT)         0.08       1.63 r
  adder_inst/rca0/fa1/cout (full_adder_14)      0.00       1.63 r
  adder_inst/rca0/fa2/cin (full_adder_13)       0.00       1.63 r
  adder_inst/rca0/fa2/U1/Y (XOR2X1_RVT)         0.14       1.76 f
  adder_inst/rca0/fa2/U3/Y (AO22X1_RVT)         0.07       1.83 f
  adder_inst/rca0/fa2/cout (full_adder_13)      0.00       1.83 f
  adder_inst/rca0/fa3/cin (full_adder_12)       0.00       1.83 f
  adder_inst/rca0/fa3/U1/Y (XOR2X1_RVT)         0.13       1.97 r
  adder_inst/rca0/fa3/U3/Y (AO22X1_RVT)         0.08       2.05 r
  adder_inst/rca0/fa3/cout (full_adder_12)      0.00       2.05 r
  adder_inst/rca0/cout (adder_rca4_3)           0.00       2.05 r
  adder_inst/rca1/cin (adder_rca4_2)            0.00       2.05 r
  adder_inst/rca1/fa0/cin (full_adder_11)       0.00       2.05 r
  adder_inst/rca1/fa0/U1/Y (XOR2X1_RVT)         0.14       2.19 f
  adder_inst/rca1/fa0/U3/Y (AO22X1_RVT)         0.07       2.26 f
  adder_inst/rca1/fa0/cout (full_adder_11)      0.00       2.26 f
  adder_inst/rca1/fa1/cin (full_adder_10)       0.00       2.26 f
  adder_inst/rca1/fa1/U1/Y (XOR2X1_RVT)         0.13       2.39 r
  adder_inst/rca1/fa1/U3/Y (AO22X1_RVT)         0.08       2.48 r
  adder_inst/rca1/fa1/cout (full_adder_10)      0.00       2.48 r
  adder_inst/rca1/fa2/cin (full_adder_9)        0.00       2.48 r
  adder_inst/rca1/fa2/U1/Y (XOR2X1_RVT)         0.14       2.61 f
  adder_inst/rca1/fa2/U3/Y (AO22X1_RVT)         0.07       2.69 f
  adder_inst/rca1/fa2/cout (full_adder_9)       0.00       2.69 f
  adder_inst/rca1/fa3/cin (full_adder_8)        0.00       2.69 f
  adder_inst/rca1/fa3/U1/Y (XOR2X1_RVT)         0.13       2.82 r
  adder_inst/rca1/fa3/U3/Y (AO22X1_RVT)         0.08       2.90 r
  adder_inst/rca1/fa3/cout (full_adder_8)       0.00       2.90 r
  adder_inst/rca1/cout (adder_rca4_2)           0.00       2.90 r
  adder_inst/rca2/cin (adder_rca4_1)            0.00       2.90 r
  adder_inst/rca2/fa0/cin (full_adder_7)        0.00       2.90 r
  adder_inst/rca2/fa0/U1/Y (XOR2X1_RVT)         0.14       3.04 f
  adder_inst/rca2/fa0/U3/Y (AO22X1_RVT)         0.07       3.11 f
  adder_inst/rca2/fa0/cout (full_adder_7)       0.00       3.11 f
  adder_inst/rca2/fa1/cin (full_adder_6)        0.00       3.11 f
  adder_inst/rca2/fa1/U1/Y (XOR2X1_RVT)         0.13       3.25 r
  adder_inst/rca2/fa1/U3/Y (AO22X1_RVT)         0.08       3.33 r
  adder_inst/rca2/fa1/cout (full_adder_6)       0.00       3.33 r
  adder_inst/rca2/fa2/cin (full_adder_5)        0.00       3.33 r
  adder_inst/rca2/fa2/U1/Y (XOR2X1_RVT)         0.14       3.47 f
  adder_inst/rca2/fa2/U3/Y (AO22X1_RVT)         0.07       3.54 f
  adder_inst/rca2/fa2/cout (full_adder_5)       0.00       3.54 f
  adder_inst/rca2/fa3/cin (full_adder_4)        0.00       3.54 f
  adder_inst/rca2/fa3/U1/Y (XOR2X1_RVT)         0.13       3.67 r
  adder_inst/rca2/fa3/U3/Y (AO22X1_RVT)         0.08       3.76 r
  adder_inst/rca2/fa3/cout (full_adder_4)       0.00       3.76 r
  adder_inst/rca2/cout (adder_rca4_1)           0.00       3.76 r
  adder_inst/rca3/cin (adder_rca4_0)            0.00       3.76 r
  adder_inst/rca3/fa0/cin (full_adder_3)        0.00       3.76 r
  adder_inst/rca3/fa0/U1/Y (XOR2X1_RVT)         0.14       3.89 f
  adder_inst/rca3/fa0/U3/Y (AO22X1_RVT)         0.07       3.97 f
  adder_inst/rca3/fa0/cout (full_adder_3)       0.00       3.97 f
  adder_inst/rca3/fa1/cin (full_adder_2)        0.00       3.97 f
  adder_inst/rca3/fa1/U1/Y (XOR2X1_RVT)         0.13       4.10 r
  adder_inst/rca3/fa1/U3/Y (AO22X1_RVT)         0.08       4.18 r
  adder_inst/rca3/fa1/cout (full_adder_2)       0.00       4.18 r
  adder_inst/rca3/fa2/cin (full_adder_1)        0.00       4.18 r
  adder_inst/rca3/fa2/U1/Y (XOR2X1_RVT)         0.14       4.32 f
  adder_inst/rca3/fa2/U3/Y (AO22X1_RVT)         0.08       4.39 f
  adder_inst/rca3/fa2/cout (full_adder_1)       0.00       4.39 f
  adder_inst/rca3/fa3/cin (full_adder_0)        0.00       4.39 f
  adder_inst/rca3/fa3/U2/Y (XOR2X2_RVT)         0.11       4.50 r
  adder_inst/rca3/fa3/U3/Y (AO22X1_RVT)         0.07       4.57 r
  adder_inst/rca3/fa3/cout (full_adder_0)       0.00       4.57 r
  adder_inst/rca3/cout (adder_rca4_0)           0.00       4.57 r
  adder_inst/cout (adder_rca16)                 0.00       4.57 r
  U63/Y (AND2X1_RVT)                            0.05       4.62 r
  carry_out_reg/D (DFFARX1_RVT)                 0.00       4.62 r
  data arrival time                                        4.62

  clock ideal_clock1 (rise edge)                5.00       5.00
  clock network delay (ideal)                   0.00       5.00
  carry_out_reg/CLK (DFFARX1_RVT)               0.00       5.00 r
  library setup time                           -0.06       4.94
  data required time                                       4.94
  ----------------------------------------------------------------
  data required time                                       4.94
  data arrival time                                       -4.62
  ----------------------------------------------------------------
  slack (MET)                                              0.32


  Startpoint: opcode[2] (input port clocked by ideal_clock1)
  Endpoint: Y_reg[14] (rising edge-triggered flip-flop clocked by ideal_clock1)
  Path Group: ideal_clock1
  Path Type: max

  Des/Clust/Port     Wire Load Model       Library
  ------------------------------------------------
  alu_rca            8000                  saed32rvt_ss0p95v125c
  full_adder_15      ForQA                 saed32rvt_ss0p95v125c
  adder_rca4_3       ForQA                 saed32rvt_ss0p95v125c
  full_adder_14      ForQA                 saed32rvt_ss0p95v125c
  full_adder_13      ForQA                 saed32rvt_ss0p95v125c
  full_adder_12      ForQA                 saed32rvt_ss0p95v125c
  adder_rca16        ForQA                 saed32rvt_ss0p95v125c
  full_adder_11      ForQA                 saed32rvt_ss0p95v125c
  adder_rca4_2       ForQA                 saed32rvt_ss0p95v125c
  full_adder_10      ForQA                 saed32rvt_ss0p95v125c
  full_adder_9       ForQA                 saed32rvt_ss0p95v125c
  full_adder_8       ForQA                 saed32rvt_ss0p95v125c
  full_adder_7       ForQA                 saed32rvt_ss0p95v125c
  adder_rca4_1       ForQA                 saed32rvt_ss0p95v125c
  full_adder_6       ForQA                 saed32rvt_ss0p95v125c
  full_adder_5       ForQA                 saed32rvt_ss0p95v125c
  full_adder_4       ForQA                 saed32rvt_ss0p95v125c
  full_adder_3       ForQA                 saed32rvt_ss0p95v125c
  adder_rca4_0       ForQA                 saed32rvt_ss0p95v125c
  full_adder_2       ForQA                 saed32rvt_ss0p95v125c
  full_adder_1       ForQA                 saed32rvt_ss0p95v125c

  Point                                         Incr       Path
  ----------------------------------------------------------------
  clock ideal_clock1 (rise edge)                0.00       0.00
  clock network delay (ideal)                   0.00       0.00
  input external delay                          1.00       1.00 r
  opcode[2] (in)                                0.00       1.00 r
  U119/Y (INVX1_RVT)                            0.03       1.03 f
  U121/Y (AND3X1_RVT)                           0.07       1.10 f
  U118/Y (XNOR2X2_RVT)                          0.11       1.21 r
  adder_inst/b[0] (adder_rca16)                 0.00       1.21 r
  adder_inst/rca0/b[0] (adder_rca4_3)           0.00       1.21 r
  adder_inst/rca0/fa0/b (full_adder_15)         0.00       1.21 r
  adder_inst/rca0/fa0/U1/Y (XOR2X1_RVT)         0.13       1.33 f
  adder_inst/rca0/fa0/U3/Y (AO22X1_RVT)         0.07       1.41 f
  adder_inst/rca0/fa0/cout (full_adder_15)      0.00       1.41 f
  adder_inst/rca0/fa1/cin (full_adder_14)       0.00       1.41 f
  adder_inst/rca0/fa1/U1/Y (XOR2X1_RVT)         0.13       1.54 r
  adder_inst/rca0/fa1/U3/Y (AO22X1_RVT)         0.08       1.63 r
  adder_inst/rca0/fa1/cout (full_adder_14)      0.00       1.63 r
  adder_inst/rca0/fa2/cin (full_adder_13)       0.00       1.63 r
  adder_inst/rca0/fa2/U1/Y (XOR2X1_RVT)         0.14       1.76 f
  adder_inst/rca0/fa2/U3/Y (AO22X1_RVT)         0.07       1.83 f
  adder_inst/rca0/fa2/cout (full_adder_13)      0.00       1.83 f
  adder_inst/rca0/fa3/cin (full_adder_12)       0.00       1.83 f
  adder_inst/rca0/fa3/U1/Y (XOR2X1_RVT)         0.13       1.97 r
  adder_inst/rca0/fa3/U3/Y (AO22X1_RVT)         0.08       2.05 r
  adder_inst/rca0/fa3/cout (full_adder_12)      0.00       2.05 r
  adder_inst/rca0/cout (adder_rca4_3)           0.00       2.05 r
  adder_inst/rca1/cin (adder_rca4_2)            0.00       2.05 r
  adder_inst/rca1/fa0/cin (full_adder_11)       0.00       2.05 r
  adder_inst/rca1/fa0/U1/Y (XOR2X1_RVT)         0.14       2.19 f
  adder_inst/rca1/fa0/U3/Y (AO22X1_RVT)         0.07       2.26 f
  adder_inst/rca1/fa0/cout (full_adder_11)      0.00       2.26 f
  adder_inst/rca1/fa1/cin (full_adder_10)       0.00       2.26 f
  adder_inst/rca1/fa1/U1/Y (XOR2X1_RVT)         0.13       2.39 r
  adder_inst/rca1/fa1/U3/Y (AO22X1_RVT)         0.08       2.48 r
  adder_inst/rca1/fa1/cout (full_adder_10)      0.00       2.48 r
  adder_inst/rca1/fa2/cin (full_adder_9)        0.00       2.48 r
  adder_inst/rca1/fa2/U1/Y (XOR2X1_RVT)         0.14       2.61 f
  adder_inst/rca1/fa2/U3/Y (AO22X1_RVT)         0.07       2.69 f
  adder_inst/rca1/fa2/cout (full_adder_9)       0.00       2.69 f
  adder_inst/rca1/fa3/cin (full_adder_8)        0.00       2.69 f
  adder_inst/rca1/fa3/U1/Y (XOR2X1_RVT)         0.13       2.82 r
  adder_inst/rca1/fa3/U3/Y (AO22X1_RVT)         0.08       2.90 r
  adder_inst/rca1/fa3/cout (full_adder_8)       0.00       2.90 r
  adder_inst/rca1/cout (adder_rca4_2)           0.00       2.90 r
  adder_inst/rca2/cin (adder_rca4_1)            0.00       2.90 r
  adder_inst/rca2/fa0/cin (full_adder_7)        0.00       2.90 r
  adder_inst/rca2/fa0/U1/Y (XOR2X1_RVT)         0.14       3.04 f
  adder_inst/rca2/fa0/U3/Y (AO22X1_RVT)         0.07       3.11 f
  adder_inst/rca2/fa0/cout (full_adder_7)       0.00       3.11 f
  adder_inst/rca2/fa1/cin (full_adder_6)        0.00       3.11 f
  adder_inst/rca2/fa1/U1/Y (XOR2X1_RVT)         0.13       3.25 r
  adder_inst/rca2/fa1/U3/Y (AO22X1_RVT)         0.08       3.33 r
  adder_inst/rca2/fa1/cout (full_adder_6)       0.00       3.33 r
  adder_inst/rca2/fa2/cin (full_adder_5)        0.00       3.33 r
  adder_inst/rca2/fa2/U1/Y (XOR2X1_RVT)         0.14       3.47 f
  adder_inst/rca2/fa2/U3/Y (AO22X1_RVT)         0.07       3.54 f
  adder_inst/rca2/fa2/cout (full_adder_5)       0.00       3.54 f
  adder_inst/rca2/fa3/cin (full_adder_4)        0.00       3.54 f
  adder_inst/rca2/fa3/U1/Y (XOR2X1_RVT)         0.13       3.67 r
  adder_inst/rca2/fa3/U3/Y (AO22X1_RVT)         0.08       3.76 r
  adder_inst/rca2/fa3/cout (full_adder_4)       0.00       3.76 r
  adder_inst/rca2/cout (adder_rca4_1)           0.00       3.76 r
  adder_inst/rca3/cin (adder_rca4_0)            0.00       3.76 r
  adder_inst/rca3/fa0/cin (full_adder_3)        0.00       3.76 r
  adder_inst/rca3/fa0/U1/Y (XOR2X1_RVT)         0.14       3.89 f
  adder_inst/rca3/fa0/U3/Y (AO22X1_RVT)         0.07       3.97 f
  adder_inst/rca3/fa0/cout (full_adder_3)       0.00       3.97 f
  adder_inst/rca3/fa1/cin (full_adder_2)        0.00       3.97 f
  adder_inst/rca3/fa1/U1/Y (XOR2X1_RVT)         0.13       4.10 r
  adder_inst/rca3/fa1/U3/Y (AO22X1_RVT)         0.08       4.18 r
  adder_inst/rca3/fa1/cout (full_adder_2)       0.00       4.18 r
  adder_inst/rca3/fa2/cin (full_adder_1)        0.00       4.18 r
  adder_inst/rca3/fa2/U1/Y (XOR2X1_RVT)         0.14       4.32 f
  adder_inst/rca3/fa2/U2/Y (XOR2X1_RVT)         0.12       4.44 r
  adder_inst/rca3/fa2/sum (full_adder_1)        0.00       4.44 r
  adder_inst/rca3/sum[2] (adder_rca4_0)         0.00       4.44 r
  adder_inst/sum[14] (adder_rca16)              0.00       4.44 r
  U94/Y (AO222X1_RVT)                           0.09       4.53 r
  Y_reg[14]/D (DFFARX1_RVT)                     0.00       4.53 r
  data arrival time                                        4.53

  clock ideal_clock1 (rise edge)                5.00       5.00
  clock network delay (ideal)                   0.00       5.00
  Y_reg[14]/CLK (DFFARX1_RVT)                   0.00       5.00 r
  library setup time                           -0.07       4.93
  data required time                                       4.93
  ----------------------------------------------------------------
  data required time                                       4.93
  data arrival time                                       -4.53
  ----------------------------------------------------------------
  slack (MET)                                              0.40


  Startpoint: opcode[2] (input port clocked by ideal_clock1)
  Endpoint: Y_reg[13] (rising edge-triggered flip-flop clocked by ideal_clock1)
  Path Group: ideal_clock1
  Path Type: max

  Des/Clust/Port     Wire Load Model       Library
  ------------------------------------------------
  alu_rca            8000                  saed32rvt_ss0p95v125c
  full_adder_15      ForQA                 saed32rvt_ss0p95v125c
  adder_rca4_3       ForQA                 saed32rvt_ss0p95v125c
  full_adder_14      ForQA                 saed32rvt_ss0p95v125c
  full_adder_13      ForQA                 saed32rvt_ss0p95v125c
  full_adder_12      ForQA                 saed32rvt_ss0p95v125c
  adder_rca16        ForQA                 saed32rvt_ss0p95v125c
  full_adder_11      ForQA                 saed32rvt_ss0p95v125c
  adder_rca4_2       ForQA                 saed32rvt_ss0p95v125c
  full_adder_10      ForQA                 saed32rvt_ss0p95v125c
  full_adder_9       ForQA                 saed32rvt_ss0p95v125c
  full_adder_8       ForQA                 saed32rvt_ss0p95v125c
  full_adder_7       ForQA                 saed32rvt_ss0p95v125c
  adder_rca4_1       ForQA                 saed32rvt_ss0p95v125c
  full_adder_6       ForQA                 saed32rvt_ss0p95v125c
  full_adder_5       ForQA                 saed32rvt_ss0p95v125c
  full_adder_4       ForQA                 saed32rvt_ss0p95v125c
  full_adder_3       ForQA                 saed32rvt_ss0p95v125c
  adder_rca4_0       ForQA                 saed32rvt_ss0p95v125c
  full_adder_2       ForQA                 saed32rvt_ss0p95v125c

  Point                                         Incr       Path
  ----------------------------------------------------------------
  clock ideal_clock1 (rise edge)                0.00       0.00
  clock network delay (ideal)                   0.00       0.00
  input external delay                          1.00       1.00 r
  opcode[2] (in)                                0.00       1.00 r
  U119/Y (INVX1_RVT)                            0.03       1.03 f
  U120/Y (AND3X2_RVT)                           0.14       1.16 f
  adder_inst/cin (adder_rca16)                  0.00       1.16 f
  adder_inst/rca0/cin (adder_rca4_3)            0.00       1.16 f
  adder_inst/rca0/fa0/cin (full_adder_15)       0.00       1.16 f
  adder_inst/rca0/fa0/U1/Y (XOR2X1_RVT)         0.16       1.32 r
  adder_inst/rca0/fa0/U3/Y (AO22X1_RVT)         0.08       1.40 r
  adder_inst/rca0/fa0/cout (full_adder_15)      0.00       1.40 r
  adder_inst/rca0/fa1/cin (full_adder_14)       0.00       1.40 r
  adder_inst/rca0/fa1/U1/Y (XOR2X1_RVT)         0.14       1.54 f
  adder_inst/rca0/fa1/U3/Y (AO22X1_RVT)         0.07       1.61 f
  adder_inst/rca0/fa1/cout (full_adder_14)      0.00       1.61 f
  adder_inst/rca0/fa2/cin (full_adder_13)       0.00       1.61 f
  adder_inst/rca0/fa2/U1/Y (XOR2X1_RVT)         0.13       1.75 r
  adder_inst/rca0/fa2/U3/Y (AO22X1_RVT)         0.08       1.83 r
  adder_inst/rca0/fa2/cout (full_adder_13)      0.00       1.83 r
  adder_inst/rca0/fa3/cin (full_adder_12)       0.00       1.83 r
  adder_inst/rca0/fa3/U1/Y (XOR2X1_RVT)         0.14       1.96 f
  adder_inst/rca0/fa3/U3/Y (AO22X1_RVT)         0.07       2.04 f
  adder_inst/rca0/fa3/cout (full_adder_12)      0.00       2.04 f
  adder_inst/rca0/cout (adder_rca4_3)           0.00       2.04 f
  adder_inst/rca1/cin (adder_rca4_2)            0.00       2.04 f
  adder_inst/rca1/fa0/cin (full_adder_11)       0.00       2.04 f
  adder_inst/rca1/fa0/U1/Y (XOR2X1_RVT)         0.13       2.17 r
  adder_inst/rca1/fa0/U3/Y (AO22X1_RVT)         0.08       2.26 r
  adder_inst/rca1/fa0/cout (full_adder_11)      0.00       2.26 r
  adder_inst/rca1/fa1/cin (full_adder_10)       0.00       2.26 r
  adder_inst/rca1/fa1/U1/Y (XOR2X1_RVT)         0.14       2.39 f
  adder_inst/rca1/fa1/U3/Y (AO22X1_RVT)         0.07       2.46 f
  adder_inst/rca1/fa1/cout (full_adder_10)      0.00       2.46 f
  adder_inst/rca1/fa2/cin (full_adder_9)        0.00       2.46 f
  adder_inst/rca1/fa2/U1/Y (XOR2X1_RVT)         0.13       2.60 r
  adder_inst/rca1/fa2/U3/Y (AO22X1_RVT)         0.08       2.68 r
  adder_inst/rca1/fa2/cout (full_adder_9)       0.00       2.68 r
  adder_inst/rca1/fa3/cin (full_adder_8)        0.00       2.68 r
  adder_inst/rca1/fa3/U1/Y (XOR2X1_RVT)         0.14       2.82 f
  adder_inst/rca1/fa3/U3/Y (AO22X1_RVT)         0.07       2.89 f
  adder_inst/rca1/fa3/cout (full_adder_8)       0.00       2.89 f
  adder_inst/rca1/cout (adder_rca4_2)           0.00       2.89 f
  adder_inst/rca2/cin (adder_rca4_1)            0.00       2.89 f
  adder_inst/rca2/fa0/cin (full_adder_7)        0.00       2.89 f
  adder_inst/rca2/fa0/U1/Y (XOR2X1_RVT)         0.13       3.02 r
  adder_inst/rca2/fa0/U3/Y (AO22X1_RVT)         0.08       3.11 r
  adder_inst/rca2/fa0/cout (full_adder_7)       0.00       3.11 r
  adder_inst/rca2/fa1/cin (full_adder_6)        0.00       3.11 r
  adder_inst/rca2/fa1/U1/Y (XOR2X1_RVT)         0.14       3.24 f
  adder_inst/rca2/fa1/U3/Y (AO22X1_RVT)         0.07       3.32 f
  adder_inst/rca2/fa1/cout (full_adder_6)       0.00       3.32 f
  adder_inst/rca2/fa2/cin (full_adder_5)        0.00       3.32 f
  adder_inst/rca2/fa2/U1/Y (XOR2X1_RVT)         0.13       3.45 r
  adder_inst/rca2/fa2/U3/Y (AO22X1_RVT)         0.08       3.53 r
  adder_inst/rca2/fa2/cout (full_adder_5)       0.00       3.53 r
  adder_inst/rca2/fa3/cin (full_adder_4)        0.00       3.53 r
  adder_inst/rca2/fa3/U1/Y (XOR2X1_RVT)         0.14       3.67 f
  adder_inst/rca2/fa3/U3/Y (AO22X1_RVT)         0.07       3.74 f
  adder_inst/rca2/fa3/cout (full_adder_4)       0.00       3.74 f
  adder_inst/rca2/cout (adder_rca4_1)           0.00       3.74 f
  adder_inst/rca3/cin (adder_rca4_0)            0.00       3.74 f
  adder_inst/rca3/fa0/cin (full_adder_3)        0.00       3.74 f
  adder_inst/rca3/fa0/U1/Y (XOR2X1_RVT)         0.13       3.88 r
  adder_inst/rca3/fa0/U3/Y (AO22X1_RVT)         0.08       3.96 r
  adder_inst/rca3/fa0/cout (full_adder_3)       0.00       3.96 r
  adder_inst/rca3/fa1/cin (full_adder_2)        0.00       3.96 r
  adder_inst/rca3/fa1/U1/Y (XOR2X1_RVT)         0.14       4.10 f
  adder_inst/rca3/fa1/U2/Y (XOR2X1_RVT)         0.12       4.22 r
  adder_inst/rca3/fa1/sum (full_adder_2)        0.00       4.22 r
  adder_inst/rca3/sum[1] (adder_rca4_0)         0.00       4.22 r
  adder_inst/sum[13] (adder_rca16)              0.00       4.22 r
  U97/Y (AO222X1_RVT)                           0.09       4.31 r
  Y_reg[13]/D (DFFARX1_RVT)                     0.00       4.31 r
  data arrival time                                        4.31

  clock ideal_clock1 (rise edge)                5.00       5.00
  clock network delay (ideal)                   0.00       5.00
  Y_reg[13]/CLK (DFFARX1_RVT)                   0.00       5.00 r
  library setup time                           -0.07       4.93
  data required time                                       4.93
  ----------------------------------------------------------------
  data required time                                       4.93
  data arrival time                                       -4.31
  ----------------------------------------------------------------
  slack (MET)                                              0.62


  Startpoint: opcode[2] (input port clocked by ideal_clock1)
  Endpoint: Y_reg[12] (rising edge-triggered flip-flop clocked by ideal_clock1)
  Path Group: ideal_clock1
  Path Type: max

  Des/Clust/Port     Wire Load Model       Library
  ------------------------------------------------
  alu_rca            8000                  saed32rvt_ss0p95v125c
  full_adder_15      ForQA                 saed32rvt_ss0p95v125c
  adder_rca4_3       ForQA                 saed32rvt_ss0p95v125c
  full_adder_14      ForQA                 saed32rvt_ss0p95v125c
  full_adder_13      ForQA                 saed32rvt_ss0p95v125c
  full_adder_12      ForQA                 saed32rvt_ss0p95v125c
  adder_rca16        ForQA                 saed32rvt_ss0p95v125c
  full_adder_11      ForQA                 saed32rvt_ss0p95v125c
  adder_rca4_2       ForQA                 saed32rvt_ss0p95v125c
  full_adder_10      ForQA                 saed32rvt_ss0p95v125c
  full_adder_9       ForQA                 saed32rvt_ss0p95v125c
  full_adder_8       ForQA                 saed32rvt_ss0p95v125c
  full_adder_7       ForQA                 saed32rvt_ss0p95v125c
  adder_rca4_1       ForQA                 saed32rvt_ss0p95v125c
  full_adder_6       ForQA                 saed32rvt_ss0p95v125c
  full_adder_5       ForQA                 saed32rvt_ss0p95v125c
  full_adder_4       ForQA                 saed32rvt_ss0p95v125c
  full_adder_3       ForQA                 saed32rvt_ss0p95v125c

  Point                                         Incr       Path
  ----------------------------------------------------------------
  clock ideal_clock1 (rise edge)                0.00       0.00
  clock network delay (ideal)                   0.00       0.00
  input external delay                          1.00       1.00 r
  opcode[2] (in)                                0.00       1.00 r
  U119/Y (INVX1_RVT)                            0.03       1.03 f
  U121/Y (AND3X1_RVT)                           0.07       1.10 f
  U118/Y (XNOR2X2_RVT)                          0.11       1.21 r
  adder_inst/b[0] (adder_rca16)                 0.00       1.21 r
  adder_inst/rca0/b[0] (adder_rca4_3)           0.00       1.21 r
  adder_inst/rca0/fa0/b (full_adder_15)         0.00       1.21 r
  adder_inst/rca0/fa0/U1/Y (XOR2X1_RVT)         0.13       1.33 f
  adder_inst/rca0/fa0/U3/Y (AO22X1_RVT)         0.07       1.41 f
  adder_inst/rca0/fa0/cout (full_adder_15)      0.00       1.41 f
  adder_inst/rca0/fa1/cin (full_adder_14)       0.00       1.41 f
  adder_inst/rca0/fa1/U1/Y (XOR2X1_RVT)         0.13       1.54 r
  adder_inst/rca0/fa1/U3/Y (AO22X1_RVT)         0.08       1.63 r
  adder_inst/rca0/fa1/cout (full_adder_14)      0.00       1.63 r
  adder_inst/rca0/fa2/cin (full_adder_13)       0.00       1.63 r
  adder_inst/rca0/fa2/U1/Y (XOR2X1_RVT)         0.14       1.76 f
  adder_inst/rca0/fa2/U3/Y (AO22X1_RVT)         0.07       1.83 f
  adder_inst/rca0/fa2/cout (full_adder_13)      0.00       1.83 f
  adder_inst/rca0/fa3/cin (full_adder_12)       0.00       1.83 f
  adder_inst/rca0/fa3/U1/Y (XOR2X1_RVT)         0.13       1.97 r
  adder_inst/rca0/fa3/U3/Y (AO22X1_RVT)         0.08       2.05 r
  adder_inst/rca0/fa3/cout (full_adder_12)      0.00       2.05 r
  adder_inst/rca0/cout (adder_rca4_3)           0.00       2.05 r
  adder_inst/rca1/cin (adder_rca4_2)            0.00       2.05 r
  adder_inst/rca1/fa0/cin (full_adder_11)       0.00       2.05 r
  adder_inst/rca1/fa0/U1/Y (XOR2X1_RVT)         0.14       2.19 f
  adder_inst/rca1/fa0/U3/Y (AO22X1_RVT)         0.07       2.26 f
  adder_inst/rca1/fa0/cout (full_adder_11)      0.00       2.26 f
  adder_inst/rca1/fa1/cin (full_adder_10)       0.00       2.26 f
  adder_inst/rca1/fa1/U1/Y (XOR2X1_RVT)         0.13       2.39 r
  adder_inst/rca1/fa1/U3/Y (AO22X1_RVT)         0.08       2.48 r
  adder_inst/rca1/fa1/cout (full_adder_10)      0.00       2.48 r
  adder_inst/rca1/fa2/cin (full_adder_9)        0.00       2.48 r
  adder_inst/rca1/fa2/U1/Y (XOR2X1_RVT)         0.14       2.61 f
  adder_inst/rca1/fa2/U3/Y (AO22X1_RVT)         0.07       2.69 f
  adder_inst/rca1/fa2/cout (full_adder_9)       0.00       2.69 f
  adder_inst/rca1/fa3/cin (full_adder_8)        0.00       2.69 f
  adder_inst/rca1/fa3/U1/Y (XOR2X1_RVT)         0.13       2.82 r
  adder_inst/rca1/fa3/U3/Y (AO22X1_RVT)         0.08       2.90 r
  adder_inst/rca1/fa3/cout (full_adder_8)       0.00       2.90 r
  adder_inst/rca1/cout (adder_rca4_2)           0.00       2.90 r
  adder_inst/rca2/cin (adder_rca4_1)            0.00       2.90 r
  adder_inst/rca2/fa0/cin (full_adder_7)        0.00       2.90 r
  adder_inst/rca2/fa0/U1/Y (XOR2X1_RVT)         0.14       3.04 f
  adder_inst/rca2/fa0/U3/Y (AO22X1_RVT)         0.07       3.11 f
  adder_inst/rca2/fa0/cout (full_adder_7)       0.00       3.11 f
  adder_inst/rca2/fa1/cin (full_adder_6)        0.00       3.11 f
  adder_inst/rca2/fa1/U1/Y (XOR2X1_RVT)         0.13       3.25 r
  adder_inst/rca2/fa1/U3/Y (AO22X1_RVT)         0.08       3.33 r
  adder_inst/rca2/fa1/cout (full_adder_6)       0.00       3.33 r
  adder_inst/rca2/fa2/cin (full_adder_5)        0.00       3.33 r
  adder_inst/rca2/fa2/U1/Y (XOR2X1_RVT)         0.14       3.47 f
  adder_inst/rca2/fa2/U3/Y (AO22X1_RVT)         0.07       3.54 f
  adder_inst/rca2/fa2/cout (full_adder_5)       0.00       3.54 f
  adder_inst/rca2/fa3/cin (full_adder_4)        0.00       3.54 f
  adder_inst/rca2/fa3/U1/Y (XOR2X1_RVT)         0.13       3.67 r
  adder_inst/rca2/fa3/U3/Y (AO22X1_RVT)         0.08       3.76 r
  adder_inst/rca2/fa3/cout (full_adder_4)       0.00       3.76 r
  adder_inst/rca2/cout (adder_rca4_1)           0.00       3.76 r
  adder_inst/rca3/cin (adder_rca4_0)            0.00       3.76 r
  adder_inst/rca3/fa0/cin (full_adder_3)        0.00       3.76 r
  adder_inst/rca3/fa0/U1/Y (XOR2X1_RVT)         0.14       3.89 f
  adder_inst/rca3/fa0/U2/Y (XOR2X1_RVT)         0.12       4.02 r
  adder_inst/rca3/fa0/sum (full_adder_3)        0.00       4.02 r
  adder_inst/rca3/sum[0] (adder_rca4_0)         0.00       4.02 r
  adder_inst/sum[12] (adder_rca16)              0.00       4.02 r
  U100/Y (AO222X1_RVT)                          0.09       4.11 r
  Y_reg[12]/D (DFFARX1_RVT)                     0.00       4.11 r
  data arrival time                                        4.11

  clock ideal_clock1 (rise edge)                5.00       5.00
  clock network delay (ideal)                   0.00       5.00
  Y_reg[12]/CLK (DFFARX1_RVT)                   0.00       5.00 r
  library setup time                           -0.07       4.93
  data required time                                       4.93
  ----------------------------------------------------------------
  data required time                                       4.93
  data arrival time                                       -4.11
  ----------------------------------------------------------------
  slack (MET)                                              0.82


  Startpoint: opcode[2] (input port clocked by ideal_clock1)
  Endpoint: Y_reg[11] (rising edge-triggered flip-flop clocked by ideal_clock1)
  Path Group: ideal_clock1
  Path Type: max

  Des/Clust/Port     Wire Load Model       Library
  ------------------------------------------------
  alu_rca            8000                  saed32rvt_ss0p95v125c
  full_adder_15      ForQA                 saed32rvt_ss0p95v125c
  adder_rca4_3       ForQA                 saed32rvt_ss0p95v125c
  full_adder_14      ForQA                 saed32rvt_ss0p95v125c
  full_adder_13      ForQA                 saed32rvt_ss0p95v125c
  full_adder_12      ForQA                 saed32rvt_ss0p95v125c
  adder_rca16        ForQA                 saed32rvt_ss0p95v125c
  full_adder_11      ForQA                 saed32rvt_ss0p95v125c
  adder_rca4_2       ForQA                 saed32rvt_ss0p95v125c
  full_adder_10      ForQA                 saed32rvt_ss0p95v125c
  full_adder_9       ForQA                 saed32rvt_ss0p95v125c
  full_adder_8       ForQA                 saed32rvt_ss0p95v125c
  full_adder_7       ForQA                 saed32rvt_ss0p95v125c
  adder_rca4_1       ForQA                 saed32rvt_ss0p95v125c
  full_adder_6       ForQA                 saed32rvt_ss0p95v125c
  full_adder_5       ForQA                 saed32rvt_ss0p95v125c
  full_adder_4       ForQA                 saed32rvt_ss0p95v125c

  Point                                         Incr       Path
  ----------------------------------------------------------------
  clock ideal_clock1 (rise edge)                0.00       0.00
  clock network delay (ideal)                   0.00       0.00
  input external delay                          1.00       1.00 r
  opcode[2] (in)                                0.00       1.00 r
  U119/Y (INVX1_RVT)                            0.03       1.03 f
  U120/Y (AND3X2_RVT)                           0.14       1.16 f
  adder_inst/cin (adder_rca16)                  0.00       1.16 f
  adder_inst/rca0/cin (adder_rca4_3)            0.00       1.16 f
  adder_inst/rca0/fa0/cin (full_adder_15)       0.00       1.16 f
  adder_inst/rca0/fa0/U1/Y (XOR2X1_RVT)         0.16       1.32 r
  adder_inst/rca0/fa0/U3/Y (AO22X1_RVT)         0.08       1.40 r
  adder_inst/rca0/fa0/cout (full_adder_15)      0.00       1.40 r
  adder_inst/rca0/fa1/cin (full_adder_14)       0.00       1.40 r
  adder_inst/rca0/fa1/U1/Y (XOR2X1_RVT)         0.14       1.54 f
  adder_inst/rca0/fa1/U3/Y (AO22X1_RVT)         0.07       1.61 f
  adder_inst/rca0/fa1/cout (full_adder_14)      0.00       1.61 f
  adder_inst/rca0/fa2/cin (full_adder_13)       0.00       1.61 f
  adder_inst/rca0/fa2/U1/Y (XOR2X1_RVT)         0.13       1.75 r
  adder_inst/rca0/fa2/U3/Y (AO22X1_RVT)         0.08       1.83 r
  adder_inst/rca0/fa2/cout (full_adder_13)      0.00       1.83 r
  adder_inst/rca0/fa3/cin (full_adder_12)       0.00       1.83 r
  adder_inst/rca0/fa3/U1/Y (XOR2X1_RVT)         0.14       1.96 f
  adder_inst/rca0/fa3/U3/Y (AO22X1_RVT)         0.07       2.04 f
  adder_inst/rca0/fa3/cout (full_adder_12)      0.00       2.04 f
  adder_inst/rca0/cout (adder_rca4_3)           0.00       2.04 f
  adder_inst/rca1/cin (adder_rca4_2)            0.00       2.04 f
  adder_inst/rca1/fa0/cin (full_adder_11)       0.00       2.04 f
  adder_inst/rca1/fa0/U1/Y (XOR2X1_RVT)         0.13       2.17 r
  adder_inst/rca1/fa0/U3/Y (AO22X1_RVT)         0.08       2.26 r
  adder_inst/rca1/fa0/cout (full_adder_11)      0.00       2.26 r
  adder_inst/rca1/fa1/cin (full_adder_10)       0.00       2.26 r
  adder_inst/rca1/fa1/U1/Y (XOR2X1_RVT)         0.14       2.39 f
  adder_inst/rca1/fa1/U3/Y (AO22X1_RVT)         0.07       2.46 f
  adder_inst/rca1/fa1/cout (full_adder_10)      0.00       2.46 f
  adder_inst/rca1/fa2/cin (full_adder_9)        0.00       2.46 f
  adder_inst/rca1/fa2/U1/Y (XOR2X1_RVT)         0.13       2.60 r
  adder_inst/rca1/fa2/U3/Y (AO22X1_RVT)         0.08       2.68 r
  adder_inst/rca1/fa2/cout (full_adder_9)       0.00       2.68 r
  adder_inst/rca1/fa3/cin (full_adder_8)        0.00       2.68 r
  adder_inst/rca1/fa3/U1/Y (XOR2X1_RVT)         0.14       2.82 f
  adder_inst/rca1/fa3/U3/Y (AO22X1_RVT)         0.07       2.89 f
  adder_inst/rca1/fa3/cout (full_adder_8)       0.00       2.89 f
  adder_inst/rca1/cout (adder_rca4_2)           0.00       2.89 f
  adder_inst/rca2/cin (adder_rca4_1)            0.00       2.89 f
  adder_inst/rca2/fa0/cin (full_adder_7)        0.00       2.89 f
  adder_inst/rca2/fa0/U1/Y (XOR2X1_RVT)         0.13       3.02 r
  adder_inst/rca2/fa0/U3/Y (AO22X1_RVT)         0.08       3.11 r
  adder_inst/rca2/fa0/cout (full_adder_7)       0.00       3.11 r
  adder_inst/rca2/fa1/cin (full_adder_6)        0.00       3.11 r
  adder_inst/rca2/fa1/U1/Y (XOR2X1_RVT)         0.14       3.24 f
  adder_inst/rca2/fa1/U3/Y (AO22X1_RVT)         0.07       3.32 f
  adder_inst/rca2/fa1/cout (full_adder_6)       0.00       3.32 f
  adder_inst/rca2/fa2/cin (full_adder_5)        0.00       3.32 f
  adder_inst/rca2/fa2/U1/Y (XOR2X1_RVT)         0.13       3.45 r
  adder_inst/rca2/fa2/U3/Y (AO22X1_RVT)         0.08       3.53 r
  adder_inst/rca2/fa2/cout (full_adder_5)       0.00       3.53 r
  adder_inst/rca2/fa3/cin (full_adder_4)        0.00       3.53 r
  adder_inst/rca2/fa3/U1/Y (XOR2X1_RVT)         0.14       3.67 f
  adder_inst/rca2/fa3/U2/Y (XOR2X1_RVT)         0.12       3.79 r
  adder_inst/rca2/fa3/sum (full_adder_4)        0.00       3.79 r
  adder_inst/rca2/sum[3] (adder_rca4_1)         0.00       3.79 r
  adder_inst/sum[11] (adder_rca16)              0.00       3.79 r
  U103/Y (AO222X1_RVT)                          0.09       3.88 r
  Y_reg[11]/D (DFFARX1_RVT)                     0.00       3.88 r
  data arrival time                                        3.88

  clock ideal_clock1 (rise edge)                5.00       5.00
  clock network delay (ideal)                   0.00       5.00
  Y_reg[11]/CLK (DFFARX1_RVT)                   0.00       5.00 r
  library setup time                           -0.07       4.93
  data required time                                       4.93
  ----------------------------------------------------------------
  data required time                                       4.93
  data arrival time                                       -3.88
  ----------------------------------------------------------------
  slack (MET)                                              1.05


  Startpoint: opcode[2] (input port clocked by ideal_clock1)
  Endpoint: Y_reg[10] (rising edge-triggered flip-flop clocked by ideal_clock1)
  Path Group: ideal_clock1
  Path Type: max

  Des/Clust/Port     Wire Load Model       Library
  ------------------------------------------------
  alu_rca            8000                  saed32rvt_ss0p95v125c
  full_adder_15      ForQA                 saed32rvt_ss0p95v125c
  adder_rca4_3       ForQA                 saed32rvt_ss0p95v125c
  full_adder_14      ForQA                 saed32rvt_ss0p95v125c
  full_adder_13      ForQA                 saed32rvt_ss0p95v125c
  full_adder_12      ForQA                 saed32rvt_ss0p95v125c
  adder_rca16        ForQA                 saed32rvt_ss0p95v125c
  full_adder_11      ForQA                 saed32rvt_ss0p95v125c
  adder_rca4_2       ForQA                 saed32rvt_ss0p95v125c
  full_adder_10      ForQA                 saed32rvt_ss0p95v125c
  full_adder_9       ForQA                 saed32rvt_ss0p95v125c
  full_adder_8       ForQA                 saed32rvt_ss0p95v125c
  full_adder_7       ForQA                 saed32rvt_ss0p95v125c
  adder_rca4_1       ForQA                 saed32rvt_ss0p95v125c
  full_adder_6       ForQA                 saed32rvt_ss0p95v125c
  full_adder_5       ForQA                 saed32rvt_ss0p95v125c

  Point                                         Incr       Path
  ----------------------------------------------------------------
  clock ideal_clock1 (rise edge)                0.00       0.00
  clock network delay (ideal)                   0.00       0.00
  input external delay                          1.00       1.00 r
  opcode[2] (in)                                0.00       1.00 r
  U119/Y (INVX1_RVT)                            0.03       1.03 f
  U121/Y (AND3X1_RVT)                           0.07       1.10 f
  U118/Y (XNOR2X2_RVT)                          0.11       1.21 r
  adder_inst/b[0] (adder_rca16)                 0.00       1.21 r
  adder_inst/rca0/b[0] (adder_rca4_3)           0.00       1.21 r
  adder_inst/rca0/fa0/b (full_adder_15)         0.00       1.21 r
  adder_inst/rca0/fa0/U1/Y (XOR2X1_RVT)         0.13       1.33 f
  adder_inst/rca0/fa0/U3/Y (AO22X1_RVT)         0.07       1.41 f
  adder_inst/rca0/fa0/cout (full_adder_15)      0.00       1.41 f
  adder_inst/rca0/fa1/cin (full_adder_14)       0.00       1.41 f
  adder_inst/rca0/fa1/U1/Y (XOR2X1_RVT)         0.13       1.54 r
  adder_inst/rca0/fa1/U3/Y (AO22X1_RVT)         0.08       1.63 r
  adder_inst/rca0/fa1/cout (full_adder_14)      0.00       1.63 r
  adder_inst/rca0/fa2/cin (full_adder_13)       0.00       1.63 r
  adder_inst/rca0/fa2/U1/Y (XOR2X1_RVT)         0.14       1.76 f
  adder_inst/rca0/fa2/U3/Y (AO22X1_RVT)         0.07       1.83 f
  adder_inst/rca0/fa2/cout (full_adder_13)      0.00       1.83 f
  adder_inst/rca0/fa3/cin (full_adder_12)       0.00       1.83 f
  adder_inst/rca0/fa3/U1/Y (XOR2X1_RVT)         0.13       1.97 r
  adder_inst/rca0/fa3/U3/Y (AO22X1_RVT)         0.08       2.05 r
  adder_inst/rca0/fa3/cout (full_adder_12)      0.00       2.05 r
  adder_inst/rca0/cout (adder_rca4_3)           0.00       2.05 r
  adder_inst/rca1/cin (adder_rca4_2)            0.00       2.05 r
  adder_inst/rca1/fa0/cin (full_adder_11)       0.00       2.05 r
  adder_inst/rca1/fa0/U1/Y (XOR2X1_RVT)         0.14       2.19 f
  adder_inst/rca1/fa0/U3/Y (AO22X1_RVT)         0.07       2.26 f
  adder_inst/rca1/fa0/cout (full_adder_11)      0.00       2.26 f
  adder_inst/rca1/fa1/cin (full_adder_10)       0.00       2.26 f
  adder_inst/rca1/fa1/U1/Y (XOR2X1_RVT)         0.13       2.39 r
  adder_inst/rca1/fa1/U3/Y (AO22X1_RVT)         0.08       2.48 r
  adder_inst/rca1/fa1/cout (full_adder_10)      0.00       2.48 r
  adder_inst/rca1/fa2/cin (full_adder_9)        0.00       2.48 r
  adder_inst/rca1/fa2/U1/Y (XOR2X1_RVT)         0.14       2.61 f
  adder_inst/rca1/fa2/U3/Y (AO22X1_RVT)         0.07       2.69 f
  adder_inst/rca1/fa2/cout (full_adder_9)       0.00       2.69 f
  adder_inst/rca1/fa3/cin (full_adder_8)        0.00       2.69 f
  adder_inst/rca1/fa3/U1/Y (XOR2X1_RVT)         0.13       2.82 r
  adder_inst/rca1/fa3/U3/Y (AO22X1_RVT)         0.08       2.90 r
  adder_inst/rca1/fa3/cout (full_adder_8)       0.00       2.90 r
  adder_inst/rca1/cout (adder_rca4_2)           0.00       2.90 r
  adder_inst/rca2/cin (adder_rca4_1)            0.00       2.90 r
  adder_inst/rca2/fa0/cin (full_adder_7)        0.00       2.90 r
  adder_inst/rca2/fa0/U1/Y (XOR2X1_RVT)         0.14       3.04 f
  adder_inst/rca2/fa0/U3/Y (AO22X1_RVT)         0.07       3.11 f
  adder_inst/rca2/fa0/cout (full_adder_7)       0.00       3.11 f
  adder_inst/rca2/fa1/cin (full_adder_6)        0.00       3.11 f
  adder_inst/rca2/fa1/U1/Y (XOR2X1_RVT)         0.13       3.25 r
  adder_inst/rca2/fa1/U3/Y (AO22X1_RVT)         0.08       3.33 r
  adder_inst/rca2/fa1/cout (full_adder_6)       0.00       3.33 r
  adder_inst/rca2/fa2/cin (full_adder_5)        0.00       3.33 r
  adder_inst/rca2/fa2/U1/Y (XOR2X1_RVT)         0.14       3.47 f
  adder_inst/rca2/fa2/U2/Y (XOR2X1_RVT)         0.12       3.59 r
  adder_inst/rca2/fa2/sum (full_adder_5)        0.00       3.59 r
  adder_inst/rca2/sum[2] (adder_rca4_1)         0.00       3.59 r
  adder_inst/sum[10] (adder_rca16)              0.00       3.59 r
  U106/Y (AO222X1_RVT)                          0.09       3.68 r
  Y_reg[10]/D (DFFARX1_RVT)                     0.00       3.68 r
  data arrival time                                        3.68

  clock ideal_clock1 (rise edge)                5.00       5.00
  clock network delay (ideal)                   0.00       5.00
  Y_reg[10]/CLK (DFFARX1_RVT)                   0.00       5.00 r
  library setup time                           -0.07       4.93
  data required time                                       4.93
  ----------------------------------------------------------------
  data required time                                       4.93
  data arrival time                                       -3.68
  ----------------------------------------------------------------
  slack (MET)                                              1.25


  Startpoint: opcode[2] (input port clocked by ideal_clock1)
  Endpoint: Y_reg[9] (rising edge-triggered flip-flop clocked by ideal_clock1)
  Path Group: ideal_clock1
  Path Type: max

  Des/Clust/Port     Wire Load Model       Library
  ------------------------------------------------
  alu_rca            8000                  saed32rvt_ss0p95v125c
  full_adder_15      ForQA                 saed32rvt_ss0p95v125c
  adder_rca4_3       ForQA                 saed32rvt_ss0p95v125c
  full_adder_14      ForQA                 saed32rvt_ss0p95v125c
  full_adder_13      ForQA                 saed32rvt_ss0p95v125c
  full_adder_12      ForQA                 saed32rvt_ss0p95v125c
  adder_rca16        ForQA                 saed32rvt_ss0p95v125c
  full_adder_11      ForQA                 saed32rvt_ss0p95v125c
  adder_rca4_2       ForQA                 saed32rvt_ss0p95v125c
  full_adder_10      ForQA                 saed32rvt_ss0p95v125c
  full_adder_9       ForQA                 saed32rvt_ss0p95v125c
  full_adder_8       ForQA                 saed32rvt_ss0p95v125c
  full_adder_7       ForQA                 saed32rvt_ss0p95v125c
  adder_rca4_1       ForQA                 saed32rvt_ss0p95v125c
  full_adder_6       ForQA                 saed32rvt_ss0p95v125c

  Point                                         Incr       Path
  ----------------------------------------------------------------
  clock ideal_clock1 (rise edge)                0.00       0.00
  clock network delay (ideal)                   0.00       0.00
  input external delay                          1.00       1.00 r
  opcode[2] (in)                                0.00       1.00 r
  U119/Y (INVX1_RVT)                            0.03       1.03 f
  U120/Y (AND3X2_RVT)                           0.14       1.16 f
  adder_inst/cin (adder_rca16)                  0.00       1.16 f
  adder_inst/rca0/cin (adder_rca4_3)            0.00       1.16 f
  adder_inst/rca0/fa0/cin (full_adder_15)       0.00       1.16 f
  adder_inst/rca0/fa0/U1/Y (XOR2X1_RVT)         0.16       1.32 r
  adder_inst/rca0/fa0/U3/Y (AO22X1_RVT)         0.08       1.40 r
  adder_inst/rca0/fa0/cout (full_adder_15)      0.00       1.40 r
  adder_inst/rca0/fa1/cin (full_adder_14)       0.00       1.40 r
  adder_inst/rca0/fa1/U1/Y (XOR2X1_RVT)         0.14       1.54 f
  adder_inst/rca0/fa1/U3/Y (AO22X1_RVT)         0.07       1.61 f
  adder_inst/rca0/fa1/cout (full_adder_14)      0.00       1.61 f
  adder_inst/rca0/fa2/cin (full_adder_13)       0.00       1.61 f
  adder_inst/rca0/fa2/U1/Y (XOR2X1_RVT)         0.13       1.75 r
  adder_inst/rca0/fa2/U3/Y (AO22X1_RVT)         0.08       1.83 r
  adder_inst/rca0/fa2/cout (full_adder_13)      0.00       1.83 r
  adder_inst/rca0/fa3/cin (full_adder_12)       0.00       1.83 r
  adder_inst/rca0/fa3/U1/Y (XOR2X1_RVT)         0.14       1.96 f
  adder_inst/rca0/fa3/U3/Y (AO22X1_RVT)         0.07       2.04 f
  adder_inst/rca0/fa3/cout (full_adder_12)      0.00       2.04 f
  adder_inst/rca0/cout (adder_rca4_3)           0.00       2.04 f
  adder_inst/rca1/cin (adder_rca4_2)            0.00       2.04 f
  adder_inst/rca1/fa0/cin (full_adder_11)       0.00       2.04 f
  adder_inst/rca1/fa0/U1/Y (XOR2X1_RVT)         0.13       2.17 r
  adder_inst/rca1/fa0/U3/Y (AO22X1_RVT)         0.08       2.26 r
  adder_inst/rca1/fa0/cout (full_adder_11)      0.00       2.26 r
  adder_inst/rca1/fa1/cin (full_adder_10)       0.00       2.26 r
  adder_inst/rca1/fa1/U1/Y (XOR2X1_RVT)         0.14       2.39 f
  adder_inst/rca1/fa1/U3/Y (AO22X1_RVT)         0.07       2.46 f
  adder_inst/rca1/fa1/cout (full_adder_10)      0.00       2.46 f
  adder_inst/rca1/fa2/cin (full_adder_9)        0.00       2.46 f
  adder_inst/rca1/fa2/U1/Y (XOR2X1_RVT)         0.13       2.60 r
  adder_inst/rca1/fa2/U3/Y (AO22X1_RVT)         0.08       2.68 r
  adder_inst/rca1/fa2/cout (full_adder_9)       0.00       2.68 r
  adder_inst/rca1/fa3/cin (full_adder_8)        0.00       2.68 r
  adder_inst/rca1/fa3/U1/Y (XOR2X1_RVT)         0.14       2.82 f
  adder_inst/rca1/fa3/U3/Y (AO22X1_RVT)         0.07       2.89 f
  adder_inst/rca1/fa3/cout (full_adder_8)       0.00       2.89 f
  adder_inst/rca1/cout (adder_rca4_2)           0.00       2.89 f
  adder_inst/rca2/cin (adder_rca4_1)            0.00       2.89 f
  adder_inst/rca2/fa0/cin (full_adder_7)        0.00       2.89 f
  adder_inst/rca2/fa0/U1/Y (XOR2X1_RVT)         0.13       3.02 r
  adder_inst/rca2/fa0/U3/Y (AO22X1_RVT)         0.08       3.11 r
  adder_inst/rca2/fa0/cout (full_adder_7)       0.00       3.11 r
  adder_inst/rca2/fa1/cin (full_adder_6)        0.00       3.11 r
  adder_inst/rca2/fa1/U1/Y (XOR2X1_RVT)         0.14       3.24 f
  adder_inst/rca2/fa1/U2/Y (XOR2X1_RVT)         0.12       3.37 r
  adder_inst/rca2/fa1/sum (full_adder_6)        0.00       3.37 r
  adder_inst/rca2/sum[1] (adder_rca4_1)         0.00       3.37 r
  adder_inst/sum[9] (adder_rca16)               0.00       3.37 r
  U64/Y (AO222X1_RVT)                           0.09       3.46 r
  Y_reg[9]/D (DFFARX1_RVT)                      0.00       3.46 r
  data arrival time                                        3.46

  clock ideal_clock1 (rise edge)                5.00       5.00
  clock network delay (ideal)                   0.00       5.00
  Y_reg[9]/CLK (DFFARX1_RVT)                    0.00       5.00 r
  library setup time                           -0.07       4.93
  data required time                                       4.93
  ----------------------------------------------------------------
  data required time                                       4.93
  data arrival time                                       -3.46
  ----------------------------------------------------------------
  slack (MET)                                              1.47


1
