****************************************
Report : qor
Design : alu_csa
Version: U-2022.12-SP3
Date   : Wed Jun 10 19:10:46 2026
****************************************

  Timing Path Group '**async_default**' (max_delay/setup)
  ---------------------------------------------
  Levels of Logic:                            0
  Critical Path Length:                    1.00
  Critical Path Slack:                     7.09
  Total Negative Slack:                    0.00
  No. of Violating Paths:                     0
  ---------------------------------------------

  Timing Path Group 'ideal_clock1' (max_delay/setup)
  ---------------------------------------------
  Levels of Logic:                           21
  Critical Path Length:                    2.93
  Critical Path Slack:                     5.01
  Total Negative Slack:                    0.00
  No. of Violating Paths:                     0
  ---------------------------------------------

  Timing Path Group '**async_default**' (min_delay/hold)
  ---------------------------------------------
  Levels of Logic:                            0
  Critical Path Length:                    1.00
  Critical Path Slack:                     0.89
  Total Negative Slack:                    0.00
  No. of Violating Paths:                     0
  ---------------------------------------------

  Timing Path Group 'ideal_clock1' (min_delay/hold)
  ---------------------------------------------
  Levels of Logic:                            1
  Critical Path Length:                    1.07
  Critical Path Slack:                     1.08
  Total Negative Slack:                    0.00
  No. of Violating Paths:                     0
  ---------------------------------------------

  Area
  ---------------------------------------------
  Net Interconnect area:                 142.46
  Total cell area:                       799.79
  Design Area:                           942.26
  Area Cost:                            -942.26
  ---------------------------------------------


  Cell & Pin Count
  ---------------------------------------------
  Pin Count:                                944
  Hierarchical Cell Count:                   36
  Hierarchical Port Count:                  288
  Leaf Cell Count:                          240
  ---------------------------------------------


  Design Rule Violations
  ---------------------------------------------
  Total No. of Pins in Design:              944
  max_capacitance Count:                      2
  max_capacitance Cost:                    2.62
  Total DRC Cost:                          2.62
  ---------------------------------------------

1
